Target URL : https://twitter.com/haoel
Search Query : from:haoel include:retweets include:nativeretweets
[@haoel] Tweet range : <unspecified> (unknown) - 1109672197570727936 (2019/03/24 12:24:03)
Image : on  /  GIF : on  /  Video : on  /  No media : on  /  include RTs : off
Search filters: 
--------------------------------------------------------------------------------
1. 2019/03/23 11:52:42 https://twitter.com/haoel/status/1109301921494425600
  (no media)
2. 2019/03/19 11:53:24 https://twitter.com/haoel/status/1107852546616360961
  (no media)
3. 2019/03/17 14:37:17 https://twitter.com/haoel/status/1107169013136683008
  img1) https://pbs.twimg.com/media/D110V86VAAcZeYu?format=jpg&name=orig
  img2) https://pbs.twimg.com/media/D110V8ZVYAArT2W?format=jpg&name=orig
  img3) https://pbs.twimg.com/media/D110V8XU0AEuW8f?format=jpg&name=orig
4. 2019/03/16 00:06:29 https://twitter.com/haoel/status/1106587479677652993
  (no media)
5. 2019/03/15 23:39:32 https://twitter.com/haoel/status/1106580697664229376
  vid1) https://video.twimg.com/ext_tw_video/1106579993402851328/pu/vid/1280x720/f6BduhnpCvxtQ08I.mp4?tag=8
6. 2019/03/15 10:52:24 https://twitter.com/haoel/status/1106387645129609216
  img1) https://pbs.twimg.com/media/D1qtsAnU4AERvxh?format=jpg&name=orig
7. 2019/03/15 00:37:49 https://twitter.com/haoel/status/1106232979070685184
  (no media)
8. 2019/03/13 23:37:54 https://twitter.com/haoel/status/1105855512879423488
  (no media)
9. 2019/03/09 18:17:36 https://twitter.com/haoel/status/1104325352262778880
  (no media)
10. 2019/03/08 07:59:21 https://twitter.com/haoel/status/1103807379219480576
  (no media)
11. 2019/03/06 18:43:39 https://twitter.com/haoel/status/1103244744723881984
  img1) https://pbs.twimg.com/media/D0-DPcsV4AAft5K?format=jpg&name=orig
  img2) https://pbs.twimg.com/media/D0-DPcqU4AAdeoN?format=jpg&name=orig
12. 2019/03/05 09:17:29 https://twitter.com/haoel/status/1102739878217834497
  (no media)
13. 2019/03/05 08:00:43 https://twitter.com/haoel/status/1102720560302186496
  (no media)
14. 2019/03/05 07:52:36 https://twitter.com/haoel/status/1102718517839683584
  (no media)
15. 2019/02/27 22:19:51 https://twitter.com/haoel/status/1100762441561006081
  (no media)
16. 2019/02/26 17:15:13 https://twitter.com/haoel/status/1100323390341009408
  (no media)
17. 2019/02/26 16:02:24 https://twitter.com/haoel/status/1100305063338221568
  (no media)
18. 2019/02/22 08:19:07 https://twitter.com/haoel/status/1098738923008749568
  (no media)
19. 2019/02/16 17:46:05 https://twitter.com/haoel/status/1096707279083065349
  (no media)
20. 2019/02/16 17:32:28 https://twitter.com/haoel/status/1096703849820151808
  (no media)
21. 2019/02/11 20:21:59 https://twitter.com/haoel/status/1094934570623877120
  (no media)
22. 2019/02/11 19:56:06 https://twitter.com/haoel/status/1094928058857836544
  (no media)
23. 2019/02/11 19:42:38 https://twitter.com/haoel/status/1094924667486318593
  img1) https://pbs.twimg.com/media/DzH0LQ0U0AIsj90?format=jpg&name=orig
24. 2019/02/06 21:46:35 https://twitter.com/haoel/status/1093143921004138502
  (no media)
25. 2019/02/06 18:23:16 https://twitter.com/haoel/status/1093092756073762816
  img1) https://pbs.twimg.com/media/DytyDtfVYAA19Po?format=jpg&name=orig
26. 2019/02/05 15:08:12 https://twitter.com/haoel/status/1092681278791376896
  (no media)
27. 2019/02/05 15:03:02 https://twitter.com/haoel/status/1092679976606851072
  img1) https://pbs.twimg.com/media/Dyn6pDcVsAA8vnc?format=jpg&name=orig
28. 2019/02/05 09:39:50 https://twitter.com/haoel/status/1092598641997410306
  (no media)
29. 2019/02/03 23:24:29 https://twitter.com/haoel/status/1092081398599507971
  (no media)
30. 2019/02/03 18:13:15 https://twitter.com/haoel/status/1092003073407381505
  (no media)
31. 2019/02/03 15:54:15 https://twitter.com/haoel/status/1091968093608235008
  img1) https://pbs.twimg.com/media/DydzMIfUwAA01p5?format=jpg&name=orig
32. 2019/01/31 12:57:58 https://twitter.com/haoel/status/1090836565176115200
  img1) https://pbs.twimg.com/media/DyNuEVmUYAEHGM7?format=jpg&name=orig
33. 2019/01/25 18:19:04 https://twitter.com/haoel/status/1088743043946049536
  img1) https://pbs.twimg.com/media/Dxv-BVxVAAATXn9?format=jpg&name=orig
  img2) https://pbs.twimg.com/media/Dxv-BSPVAAEvj_M?format=jpg&name=orig
34. 2019/01/24 14:24:00 https://twitter.com/haoel/status/1088321502045384704
  (no media)
35. 2019/01/24 13:25:23 https://twitter.com/haoel/status/1088306750497873920
  img1) https://pbs.twimg.com/media/Dxpw3H3U8AAicIo?format=jpg&name=orig
  img2) https://pbs.twimg.com/media/Dxpw3H1UcAAxKuV?format=jpg&name=orig
  img3) https://pbs.twimg.com/media/Dxpw3H2VAAEn8tn?format=jpg&name=orig
36. 2019/01/23 22:04:53 https://twitter.com/haoel/status/1088075097535967232
  (no media)
37. 2019/01/21 15:58:31 https://twitter.com/haoel/status/1087258124111605760
  img1) https://pbs.twimg.com/media/Dxa3fzaUUAEICVL?format=jpg&name=orig
38. 2019/01/20 12:59:34 https://twitter.com/haoel/status/1086850700326236160
  img1) https://pbs.twimg.com/media/DxVE8nEUYAApM7s?format=jpg&name=orig
39. 2019/01/20 09:34:02 https://twitter.com/haoel/status/1086798975733161984
  (no media)
40. 2019/01/12 20:02:16 https://twitter.com/haoel/status/1084057973092052992
  (no media)
41. 2019/01/05 12:49:12 https://twitter.com/haoel/status/1081412276010110977
  (no media)
42. 2019/01/04 11:17:37 https://twitter.com/haoel/status/1081026839420665863
  img1) https://pbs.twimg.com/media/DwCULQUVsAA1SBT?format=jpg&name=orig
43. 2019/01/04 00:07:21 https://twitter.com/haoel/status/1080858159768457216
  img1) https://pbs.twimg.com/media/Dv_6wmaVsAIJLOP?format=jpg&name=orig
44. 2019/01/03 08:34:37 https://twitter.com/haoel/status/1080623428791484416
  (no media)
45. 2018/12/31 20:35:00 https://twitter.com/haoel/status/1079717559220396032
  (no media)
46. 2018/12/30 10:18:24 https://twitter.com/haoel/status/1079199996530941953
  (no media)
47. 2018/12/29 17:35:04 https://twitter.com/haoel/status/1078947497911840769
  (no media)
48. 2018/12/26 21:40:51 https://twitter.com/haoel/status/1077922188307525632
  (no media)
49. 2018/12/26 17:48:31 https://twitter.com/haoel/status/1077863720271794177
  (no media)
50. 2018/12/26 16:45:05 https://twitter.com/haoel/status/1077847758617202688
  (no media)
51. 2018/12/25 19:18:28 https://twitter.com/haoel/status/1077523971682164737
  img1) https://pbs.twimg.com/media/DvQiTmeU0AUQqul?format=jpg&name=orig
52. 2018/12/22 12:20:46 https://twitter.com/haoel/status/1076331689696096256
  (no media)
53. 2018/12/21 23:28:09 https://twitter.com/haoel/status/1076137253989019648
  (no media)
54. 2018/12/14 15:26:28 https://twitter.com/haoel/status/1073479320062947328
  img1) https://pbs.twimg.com/media/DuXDvf1VsAA0HdR?format=jpg&name=orig
55. 2018/12/11 12:43:08 https://twitter.com/haoel/status/1072351049476947969
  (no media)
56. 2018/12/10 20:31:03 https://twitter.com/haoel/status/1072106419690725378
  (no media)
57. 2018/12/10 09:16:04 https://twitter.com/haoel/status/1071936554518503425
  (no media)
58. 2018/12/07 07:23:48 https://twitter.com/haoel/status/1070821134755491845
  (no media)
59. 2018/12/06 09:17:07 https://twitter.com/haoel/status/1070487266294824960
  (no media)
60. 2018/11/29 17:45:40 https://twitter.com/haoel/status/1068078530104197120
  img1) https://pbs.twimg.com/media/DtKTwXCVsAAgadN?format=jpg&name=orig
61. 2018/11/28 11:06:00 https://twitter.com/haoel/status/1067615562904166400
  (no media)
62. 2018/11/28 10:42:20 https://twitter.com/haoel/status/1067609606518538240
  (no media)
63. 2018/11/28 09:45:58 https://twitter.com/haoel/status/1067595423932571648
  (no media)
64. 2018/11/26 21:00:33 https://twitter.com/haoel/status/1067040410235625472
  img1) https://pbs.twimg.com/media/Ds7jlwCVYAA3Pt2?format=jpg&name=orig
65. 2018/11/26 13:05:52 https://twitter.com/haoel/status/1066920951923625985
  img1) https://pbs.twimg.com/media/Ds528NPU0AEVJwn?format=jpg&name=orig
66. 2018/11/20 18:43:54 https://twitter.com/haoel/status/1064831694807560193
  img1) https://pbs.twimg.com/media/DscKVUkUUAEzE5i?format=jpg&name=orig
67. 2018/11/17 15:24:27 https://twitter.com/haoel/status/1063694338058682368
  (no media)
68. 2018/11/14 16:27:19 https://twitter.com/haoel/status/1062622995414306816
  (no media)
69. 2018/11/12 20:11:04 https://twitter.com/haoel/status/1061954528491139072
  (no media)
70. 2018/11/10 22:50:40 https://twitter.com/haoel/status/1061269916190355460
  vid1) https://video.twimg.com/ext_tw_video/1061269566230224897/pu/vid/628x288/qAG0L3q2L5tCboZi.mp4?tag=5
71. 2018/11/09 23:29:53 https://twitter.com/haoel/status/1060917400852299777
  (no media)
72. 2018/11/09 09:03:22 https://twitter.com/haoel/status/1060699334210084864
  img1) https://pbs.twimg.com/media/DrhcZ0fUUAIzW-8?format=jpg&name=orig
  img2) https://pbs.twimg.com/media/DrhcZ0dUUAAaAxg?format=jpg&name=orig
73. 2018/11/08 20:29:44 https://twitter.com/haoel/status/1060509675773353984
  (no media)
74. 2018/11/08 20:16:02 https://twitter.com/haoel/status/1060506229192048641
  (no media)
75. 2018/11/07 21:06:32 https://twitter.com/haoel/status/1060156547978878976
  (no media)
76. 2018/11/04 11:58:58 https://twitter.com/haoel/status/1058931583967608832
  (no media)
77. 2018/11/03 11:51:21 https://twitter.com/haoel/status/1058567281142202368
  (no media)
78. 2018/10/31 15:29:37 https://twitter.com/haoel/status/1057535043617337345
  (no media)
79. 2018/10/31 08:08:55 https://twitter.com/haoel/status/1057424140540342273
  img1) https://pbs.twimg.com/media/Dqy5fsdVAAAc-dU?format=jpg&name=orig
80. 2018/10/30 14:15:51 https://twitter.com/haoel/status/1057154095360835584
  img1) https://pbs.twimg.com/media/DqvECZZVAAEEhD2?format=jpg&name=orig
81. 2018/10/30 09:56:50 https://twitter.com/haoel/status/1057088910868672512
  (no media)
82. 2018/10/27 20:08:14 https://twitter.com/haoel/status/1056155608959791104
  (no media)
83. 2018/10/27 17:22:34 https://twitter.com/haoel/status/1056113920396554244
  (no media)
84. 2018/10/25 23:21:04 https://twitter.com/haoel/status/1055479361908830208
  (no media)
85. 2018/10/24 10:04:33 https://twitter.com/haoel/status/1054916524295708672
  img1) https://pbs.twimg.com/media/DqPQ-spVAAA6qjR?format=jpg&name=orig
86. 2018/10/23 19:03:35 https://twitter.com/haoel/status/1054689787095932928
  img1) https://pbs.twimg.com/media/DqMCwupU4AAHFYA?format=jpg&name=orig
87. 2018/10/21 14:59:33 https://twitter.com/haoel/status/1053903601309863936
  (no media)
88. 2018/10/15 16:47:12 https://twitter.com/haoel/status/1051756364224061440
  img1) https://pbs.twimg.com/media/DpiW0sJUwAAvUNE?format=jpg&name=orig
89. 2018/10/06 21:19:15 https://twitter.com/haoel/status/1048563337594687490
  (no media)
90. 2018/10/06 11:59:02 https://twitter.com/haoel/status/1048422352675995648
  (no media)
91. 2018/10/03 16:38:25 https://twitter.com/haoel/status/1047405500805988352
  (no media)
92. 2018/10/03 16:25:55 https://twitter.com/haoel/status/1047402353584824320
  img1) https://pbs.twimg.com/media/Doke4RzVAAAjBV_?format=jpg&name=orig
  img2) https://pbs.twimg.com/media/Doke4RWU4AEAQuK?format=jpg&name=orig
93. 2018/10/02 11:32:10 https://twitter.com/haoel/status/1046966041170124802
  (no media)
94. 2018/09/30 14:03:49 https://twitter.com/haoel/status/1046279428077117440
  (no media)
95. 2018/09/30 13:02:33 https://twitter.com/haoel/status/1046264010197229574
  (no media)
96. 2018/09/30 13:00:15 https://twitter.com/haoel/status/1046263430187905027
  (no media)
97. 2018/09/30 11:13:31 https://twitter.com/haoel/status/1046236569869283328
  vid1) https://video.twimg.com/ext_tw_video/1046236490835984385/pu/vid/720x1280/9Rv6x0A2qmkNbVyk.mp4?tag=5
98. 2018/09/30 07:00:29 https://twitter.com/haoel/status/1046172892210192385
  img1) https://pbs.twimg.com/media/DoTAsbnVAAAK2Mp?format=jpg&name=orig
  img2) https://pbs.twimg.com/media/DoTAsaaVsAAwnQ6?format=jpg&name=orig
  img3) https://pbs.twimg.com/media/DoTAsbnV4AAt7_J?format=jpg&name=orig
  img4) https://pbs.twimg.com/media/DoTAsbnV4AER8K7?format=jpg&name=orig
99. 2018/09/29 09:36:35 https://twitter.com/haoel/status/1045849790121107457
  (no media)
100. 2018/09/28 22:47:06 https://twitter.com/haoel/status/1045686343815258112
  (no media)
101. 2018/09/28 22:15:28 https://twitter.com/haoel/status/1045678380413112321
  (no media)
102. 2018/09/21 20:27:44 https://twitter.com/haoel/status/1043114552353677312
  img1) https://pbs.twimg.com/media/DnnjH0jUUAEBgeD?format=jpg&name=orig
103. 2018/09/19 23:05:28 https://twitter.com/haoel/status/1042429472224342016
  img1) https://pbs.twimg.com/media/Dnd0D0VUYAEKV34?format=jpg&name=orig
  img2) https://pbs.twimg.com/media/Dnd0DxyU8AMtAGq?format=jpg&name=orig
  img3) https://pbs.twimg.com/media/Dnd0DxyVsAACeXc?format=jpg&name=orig
104. 2018/09/19 22:27:17 https://twitter.com/haoel/status/1042419866056060928
  (no media)
105. 2018/09/18 19:27:28 https://twitter.com/haoel/status/1042012225601273856
  (no media)
106. 2018/09/17 23:07:02 https://twitter.com/haoel/status/1041705090728357889
  (no media)
107. 2018/09/17 22:52:28 https://twitter.com/haoel/status/1041701425284149251
  (no media)
108. 2018/09/17 22:28:19 https://twitter.com/haoel/status/1041695348962422785
  (no media)
109. 2018/09/17 20:54:04 https://twitter.com/haoel/status/1041671629678424065
  (no media)
110. 2018/09/17 12:41:11 https://twitter.com/haoel/status/1041547593170350080
  (no media)
111. 2018/09/16 08:45:03 https://twitter.com/haoel/status/1041125777981370369
  img1) https://pbs.twimg.com/media/DnLSXxjV4AUycVw?format=jpg&name=orig
112. 2018/09/14 19:21:39 https://twitter.com/haoel/status/1040561207671812096
  img1) https://pbs.twimg.com/media/DnDQyIvUcAA0-UE?format=jpg&name=orig
113. 2018/09/14 13:58:35 https://twitter.com/haoel/status/1040479905517993984
  (no media)
114. 2018/09/09 12:59:44 https://twitter.com/haoel/status/1038653156702412801
  img1) https://pbs.twimg.com/media/DmoJiR7V4AI0H_t?format=jpg&name=orig
115. 2018/09/03 00:05:01 https://twitter.com/haoel/status/1036283865596186624
  img1) https://pbs.twimg.com/media/DmGerNZUUAUAy8g?format=jpg&name=orig
116. 2018/08/30 09:10:58 https://twitter.com/haoel/status/1034971708870938625
  img1) https://pbs.twimg.com/media/Dlz1R7MUUAA_MEi?format=jpg&name=orig
117. 2018/08/26 16:40:10 https://twitter.com/haoel/status/1033635199806926848
  img1) https://pbs.twimg.com/media/Dlg1uxVUwAAoEDN?format=jpg&name=orig
118. 2018/08/16 20:07:21 https://twitter.com/haoel/status/1030063461881901056
  (no media)
119. 2018/07/09 20:11:10 https://twitter.com/haoel/status/1016293682020904960
  (no media)
120. 2018/07/02 00:57:50 https://twitter.com/haoel/status/1013466724056723456
  (no media)
121. 2018/07/01 01:14:01 https://twitter.com/haoel/status/1013108408386445313
  img1) https://pbs.twimg.com/media/Dg9IuHcU8AAaiwi?format=jpg&name=orig
122. 2018/06/28 00:31:52 https://twitter.com/haoel/status/1012010633858990080
  img1) https://pbs.twimg.com/media/DgtiTD_VAAAQFD_?format=jpg&name=orig
123. 2018/06/23 18:48:27 https://twitter.com/haoel/status/1010474662780784652
  img1) https://pbs.twimg.com/media/DgXtTQSU8AA_y3z?format=jpg&name=orig
124. 2018/06/19 22:43:03 https://twitter.com/haoel/status/1009084146361069568
  (no media)
125. 2018/06/10 19:04:51 https://twitter.com/haoel/status/1005767747458875392
  (no media)
126. 2018/06/06 09:09:26 https://twitter.com/haoel/status/1004168354288971776
  (no media)
127. 2018/06/05 11:01:00 https://twitter.com/haoel/status/1003834043035611137
  (no media)
128. 2018/06/04 22:55:42 https://twitter.com/haoel/status/1003651511895748608
  (no media)
129. 2018/06/04 22:47:25 https://twitter.com/haoel/status/1003649429323149313
  (no media)
130. 2018/06/03 12:48:47 https://twitter.com/haoel/status/1003136390954012673
  (no media)
131. 2018/06/02 00:50:08 https://twitter.com/haoel/status/1002593146826416128
  (no media)
132. 2018/05/31 12:08:56 https://twitter.com/haoel/status/1002039200114294784
  img1) https://pbs.twimg.com/media/Def1UUvV4AAtsKs?format=jpg&name=orig
133. 2018/05/29 12:38:31 https://twitter.com/haoel/status/1001321867892936704
  (no media)
134. 2018/05/27 14:38:42 https://twitter.com/haoel/status/1000627338575470593
  (no media)
135. 2018/05/26 21:11:32 https://twitter.com/haoel/status/1000363808345341953
  img1) https://pbs.twimg.com/media/DeIBkmuVAAAmpGc?format=jpg&name=orig
136. 2018/05/25 23:57:57 https://twitter.com/haoel/status/1000043302601789446
  (no media)
137. 2018/05/25 19:31:07 https://twitter.com/haoel/status/999976150582476800
  (no media)
138. 2018/05/16 19:55:04 https://twitter.com/haoel/status/996720685266321409
  (no media)
139. 2018/05/16 13:20:03 https://twitter.com/haoel/status/996621276432154624
  (no media)
140. 2018/05/15 12:57:37 https://twitter.com/haoel/status/996253245398896640
  img1) https://pbs.twimg.com/media/DdNm64nV4AAI9lN?format=jpg&name=orig
  img2) https://pbs.twimg.com/media/DdNm64lV0AA5oZf?format=jpg&name=orig
141. 2018/04/17 08:48:31 https://twitter.com/haoel/status/986043694833795072
  vid1) https://video.twimg.com/ext_tw_video/986043287537512448/pu/vid/770x360/TNJt3jjMy0wkmPk9.mp4?tag=2
142. 2018/04/11 00:02:20 https://twitter.com/haoel/status/983736950484942849
  vid1) https://video.twimg.com/ext_tw_video/983736859925790720/pu/vid/360x640/5UMQe8m70IVyEA1Z.mp4?tag=2
143. 2018/04/07 23:44:25 https://twitter.com/haoel/status/982645277336023040
  img1) https://pbs.twimg.com/media/DaMOqmCVwAANBXr?format=jpg&name=orig
144. 2018/03/31 09:52:44 https://twitter.com/haoel/status/979899262711431169
  (no media)
145. 2018/03/29 11:06:29 https://twitter.com/haoel/status/979193046800592897
  img1) https://pbs.twimg.com/media/DZbK4UqU0AALSGs?format=jpg&name=orig
146. 2018/03/26 22:39:00 https://twitter.com/haoel/status/978280160280461313
  (no media)
147. 2018/03/26 09:52:09 https://twitter.com/haoel/status/978087174342979584
  (no media)
148. 2018/03/26 08:56:57 https://twitter.com/haoel/status/978073283475095553
  (no media)
149. 2018/03/26 01:53:59 https://twitter.com/haoel/status/977966840327450624
  (no media)
150. 2018/03/25 18:10:54 https://twitter.com/haoel/status/977850304854032386
  (no media)
151. 2018/03/25 18:10:09 https://twitter.com/haoel/status/977850115997093888
  (no media)
152. 2018/03/24 22:30:02 https://twitter.com/haoel/status/977553127829258240
  (no media)
153. 2018/03/08 19:01:02 https://twitter.com/haoel/status/971702325982015488
  (no media)
154. 2018/03/08 11:42:12 https://twitter.com/haoel/status/971591889416724480
  (no media)
155. 2018/02/11 15:01:36 https://twitter.com/haoel/status/962582372586725376
  (no media)
156. 2018/02/10 21:57:29 https://twitter.com/haoel/status/962324645977272322
  (no media)
157. 2018/01/30 16:03:19 https://twitter.com/haoel/status/958249250797666304
  (no media)
158. 2018/01/30 09:47:02 https://twitter.com/haoel/status/958154556990373888
  (no media)
159. 2018/01/18 11:02:47 https://twitter.com/haoel/status/953824964871884801
  (no media)
160. 2018/01/18 11:02:47 https://twitter.com/haoel/status/953824963508752385
  (no media)
161. 2017/12/22 16:46:08 https://twitter.com/haoel/status/944126897792860160
  img1) https://pbs.twimg.com/media/DRo2ZfuU8AAGqjB?format=jpg&name=orig
162. 2017/12/11 22:15:53 https://twitter.com/haoel/status/940223617270398976
  (no media)
163. 2017/12/05 21:01:06 https://twitter.com/haoel/status/938030470771589121
  (no media)
164. 2017/12/04 19:28:40 https://twitter.com/haoel/status/937644820423524353
  (no media)
165. 2017/09/19 14:08:31 https://twitter.com/haoel/status/910022776324534272
  (no media)
166. 2017/08/26 20:23:49 https://twitter.com/haoel/status/901419911603404800
  (no media)
167. 2017/08/26 14:06:36 https://twitter.com/haoel/status/901324983225516040
  (no media)
168. 2017/08/26 13:17:12 https://twitter.com/haoel/status/901312552587710464
  (no media)
169. 2017/08/01 20:33:11 https://twitter.com/haoel/status/892362571575173120
  (no media)
170. 2017/08/01 20:33:10 https://twitter.com/haoel/status/892362570039996416
  (no media)
171. 2017/07/14 10:05:00 https://twitter.com/haoel/status/885681503006367745
  (no media)
172. 2017/07/09 18:03:26 https://twitter.com/haoel/status/883989967336353792
  (no media)
173. 2017/06/01 16:48:32 https://twitter.com/haoel/status/870200379232923648
  (no media)
174. 2017/04/05 18:10:35 https://twitter.com/haoel/status/849564918798061568
  (no media)
175. 2017/03/03 14:20:30 https://twitter.com/haoel/status/837548219060015108
  (no media)
176. 2017/02/02 16:13:21 https://twitter.com/haoel/status/827067368358690816
  (no media)
177. 2017/01/19 20:27:52 https://twitter.com/haoel/status/822057990735806464
  (no media)
178. 2017/01/07 17:13:29 https://twitter.com/haoel/status/817660418617286656
  (no media)
179. 2016/12/28 12:56:46 https://twitter.com/haoel/status/813971934304149504
  (no media)
180. 2016/10/23 17:56:52 https://twitter.com/haoel/status/790129858294583296
  (no media)
181. 2016/09/18 16:24:04 https://twitter.com/haoel/status/777422926689755136
  (no media)
182. 2016/09/10 00:32:02 https://twitter.com/haoel/status/774284237004378112
  (no media)
183. 2016/08/21 12:35:24 https://twitter.com/haoel/status/767218521046552576
  (no media)
184. 2016/08/20 19:47:31 https://twitter.com/haoel/status/766964880800833540
  (no media)
185. 2016/08/18 18:55:47 https://twitter.com/haoel/status/766227084863803392
  (no media)
186. 2016/08/07 20:35:38 https://twitter.com/haoel/status/762265946748653568
  (no media)
187. 2016/07/27 16:35:05 https://twitter.com/haoel/status/758219143460052993
  (no media)
188. 2016/07/21 18:55:43 https://twitter.com/haoel/status/756080207274971137
  img1) https://pbs.twimg.com/media/Cn4i5TCUEAAUKFv?format=jpg&name=orig
189. 2016/07/11 09:41:07 https://twitter.com/haoel/status/752316760284622848
  (no media)
190. 2016/07/06 01:47:48 https://twitter.com/haoel/status/750385707093340160
  (no media)
191. 2016/07/03 14:14:16 https://twitter.com/haoel/status/749486398957203456
  img1) https://pbs.twimg.com/media/Cma1y_AUsAAA981?format=jpg&name=orig
192. 2016/06/19 14:44:38 https://twitter.com/haoel/status/744420608276979712
  img1) https://pbs.twimg.com/media/ClS2luAVEAAhFCS?format=jpg&name=orig
193. 2016/06/13 23:18:30 https://twitter.com/haoel/status/742375601483309057
  img1) https://pbs.twimg.com/media/Ck1yqvJUUAE8SXc?format=jpg&name=orig
194. 2016/06/13 20:52:30 https://twitter.com/haoel/status/742338858432356352
  img1) https://pbs.twimg.com/media/Ck1ROrGVAAAUkG9?format=jpg&name=orig
195. 2016/06/06 12:35:39 https://twitter.com/haoel/status/739677106452484096
  (no media)
196. 2016/03/25 00:53:07 https://twitter.com/haoel/status/713045995156668416
  (no media)
197. 2016/03/15 22:23:36 https://twitter.com/haoel/status/709746875725774848
  img1) https://pbs.twimg.com/media/CdmHA0LUUAE1JhV?format=jpg&name=orig
  img2) https://pbs.twimg.com/media/CdmHA0DUkAAcbeX?format=jpg&name=orig
198. 2016/03/09 10:19:43 https://twitter.com/haoel/status/707390378161209344
  (no media)
199. 2016/03/04 23:15:44 https://twitter.com/haoel/status/705773730643902464
  (no media)
200. 2016/02/23 00:00:44 https://twitter.com/haoel/status/701798787069530112
  img1) https://pbs.twimg.com/media/Cb1KRLgVAAAzfGG?format=jpg&name=orig
201. 2016/02/22 23:40:53 https://twitter.com/haoel/status/701793793280835584
  (no media)
202. 2016/02/16 23:03:31 https://twitter.com/haoel/status/699610063757905921
  (no media)
203. 2016/02/05 16:19:37 https://twitter.com/haoel/status/695522151378472960
  (no media)
204. 2016/02/05 14:14:52 https://twitter.com/haoel/status/695490754668396544
  img1) https://pbs.twimg.com/media/CabhJikUEAAGWMY?format=jpg&name=orig
205. 2016/02/05 14:14:11 https://twitter.com/haoel/status/695490584325152768
  img1) https://pbs.twimg.com/media/Cabg_olUMAEyBIU?format=jpg&name=orig
206. 2016/01/31 08:38:29 https://twitter.com/haoel/status/693594162403287040
  (no media)
207. 2016/01/01 11:04:03 https://twitter.com/haoel/status/682759161193476096
  img1) https://pbs.twimg.com/media/CXml1KbUoAEog1k?format=jpg&name=orig
208. 2016/01/01 00:04:43 https://twitter.com/haoel/status/682593232719495168
  (no media)
209. 2015/12/22 23:05:13 https://twitter.com/haoel/status/679316770641997828
  (no media)
210. 2015/12/16 01:32:36 https://twitter.com/haoel/status/676817145313955841
  (no media)
211. 2015/12/16 01:05:26 https://twitter.com/haoel/status/676810306165735424
  (no media)
212. 2015/12/16 01:04:42 https://twitter.com/haoel/status/676810121381449728
  (no media)
213. 2015/12/15 01:05:30 https://twitter.com/haoel/status/676447936805343233
  (no media)
214. 2015/12/14 23:31:23 https://twitter.com/haoel/status/676424251570688000
  (no media)
215. 2015/12/13 13:39:10 https://twitter.com/haoel/status/675912825324335104
  (no media)
216. 2015/09/02 09:19:43 https://twitter.com/haoel/status/638883974014570496
  (no media)
217. 2015/09/01 15:10:41 https://twitter.com/haoel/status/638609907491598336
  (no media)
218. 2015/08/26 08:22:55 https://twitter.com/haoel/status/636332964113088513
  (no media)
219. 2015/08/24 08:44:08 https://twitter.com/haoel/status/635613525738565632
  (no media)
220. 2015/04/17 09:04:33 https://twitter.com/haoel/status/588870630411472896
  (no media)
221. 2015/04/16 10:47:14 https://twitter.com/haoel/status/588534085158641666
  (no media)
222. 2015/04/16 10:46:06 https://twitter.com/haoel/status/588533796678414336
  (no media)
223. 2015/04/16 10:21:01 https://twitter.com/haoel/status/588527487124172800
  (no media)
224. 2015/04/14 09:02:12 https://twitter.com/haoel/status/587782873647808513
  (no media)
225. 2015/03/22 14:23:13 https://twitter.com/haoel/status/579528739354124288
  (no media)
226. 2015/03/06 22:44:06 https://twitter.com/haoel/status/573856587418238977
  (no media)
227. 2015/02/14 12:55:02 https://twitter.com/haoel/status/566460583520649216
  (no media)
228. 2015/02/13 17:58:00 https://twitter.com/haoel/status/566174439352442880
  (no media)
229. 2015/01/20 08:39:10 https://twitter.com/haoel/status/557336498857447424
  img1) https://pbs.twimg.com/media/B7wOkzbCYAASMgo?format=jpg&name=orig
230. 2015/01/19 21:42:40 https://twitter.com/haoel/status/557171285252268033
  (no media)
231. 2015/01/01 00:28:23 https://twitter.com/haoel/status/550327617836965888
  (no media)
232. 2014/12/31 22:30:27 https://twitter.com/haoel/status/550297938241789953
  (no media)
233. 2014/12/31 11:06:14 https://twitter.com/haoel/status/550125752901836801
  (no media)
234. 2014/12/26 14:41:18 https://twitter.com/haoel/status/548367935396261889
  img1) https://pbs.twimg.com/media/B5wxuuKCUAAwmFm?format=jpg&name=orig
235. 2014/12/24 19:29:13 https://twitter.com/haoel/status/547715614261772288
  (no media)
236. 2014/12/23 10:53:13 https://twitter.com/haoel/status/547223371222507523
  (no media)
237. 2014/12/15 10:57:46 https://twitter.com/haoel/status/544325412981989376
  (no media)
238. 2014/12/06 18:15:45 https://twitter.com/haoel/status/541174144792920065
  (no media)
239. 2014/12/05 10:27:04 https://twitter.com/haoel/status/540693809684688896
  (no media)
240. 2014/11/26 08:03:42 https://twitter.com/haoel/status/537396237993910273
  (no media)
241. 2014/11/21 00:49:28 https://twitter.com/haoel/status/535475021976596483
  (no media)
242. 2014/11/15 01:28:09 https://twitter.com/haoel/status/533310429020184576
  (no media)
243. 2014/10/23 11:32:45 https://twitter.com/haoel/status/525127660981059584
  (no media)
244. 2014/10/12 22:50:43 https://twitter.com/haoel/status/521312009275445248
  (no media)
245. 2014/09/28 11:54:23 https://twitter.com/haoel/status/516073409512341504
  (no media)
246. 2014/09/28 07:58:16 https://twitter.com/haoel/status/516013987729641473
  (no media)
247. 2014/09/08 01:12:35 https://twitter.com/haoel/status/508664138164232192
  (no media)
248. 2014/08/06 07:48:18 https://twitter.com/haoel/status/496804923208519680
  (no media)
249. 2014/08/05 11:01:47 https://twitter.com/haoel/status/496491225524871168
  (no media)
250. 2014/08/03 18:52:33 https://twitter.com/haoel/status/495884923903803392
  (no media)
251. 2014/08/03 11:11:39 https://twitter.com/haoel/status/495768935979950081
  img1) https://pbs.twimg.com/media/BuFTN8ECYAApI5T?format=png&name=orig
  img2) https://pbs.twimg.com/media/BuFTN66CQAAygIO?format=jpg&name=orig
  img3) https://pbs.twimg.com/media/BuFTN-HCMAAOBef?format=png&name=orig
252. 2014/07/25 13:22:57 https://twitter.com/haoel/status/492540484556828672
  (no media)
253. 2014/07/24 13:59:00 https://twitter.com/haoel/status/492187169889320960
  (no media)
254. 2014/07/11 19:04:47 https://twitter.com/haoel/status/487553080582352896
  (no media)
255. 2014/07/10 19:06:58 https://twitter.com/haoel/status/487191240715157505
  (no media)
256. 2014/07/05 13:24:12 https://twitter.com/haoel/status/485293042128019456
  (no media)
257. 2014/07/04 16:42:23 https://twitter.com/haoel/status/484980528198610944
  (no media)
258. 2014/07/04 16:26:05 https://twitter.com/haoel/status/484976427809263616
  img1) https://pbs.twimg.com/media/Brr7fQSCAAAlMDR?format=jpg&name=orig
259. 2014/06/29 18:30:38 https://twitter.com/haoel/status/483195831382585344
  (no media)
260. 2014/06/27 07:57:48 https://twitter.com/haoel/status/482311798670897152
  (no media)
261. 2014/06/27 07:51:30 https://twitter.com/haoel/status/482310211705663490
  (no media)
262. 2014/06/11 20:56:01 https://twitter.com/haoel/status/476709436711399424
  (no media)
263. 2014/06/09 09:45:54 https://twitter.com/haoel/status/475816023103258624
  (no media)
264. 2014/06/02 20:59:52 https://twitter.com/haoel/status/473448916176740353
  (no media)
265. 2014/06/01 23:02:07 https://twitter.com/haoel/status/473117292083949568
  (no media)
266. 2014/06/01 22:59:16 https://twitter.com/haoel/status/473116576313376768
  (no media)
267. 2014/06/01 19:40:56 https://twitter.com/haoel/status/473066665664450561
  img1) https://pbs.twimg.com/media/BpCrnwLIUAAX0XL?format=jpg&name=orig
268. 2014/05/30 14:46:41 https://twitter.com/haoel/status/472267839076720641
  (no media)
269. 2014/05/29 19:52:27 https://twitter.com/haoel/status/471982396829470720
  (no media)
270. 2014/05/29 11:20:56 https://twitter.com/haoel/status/471853669969711104
  (no media)
271. 2014/05/29 00:48:26 https://twitter.com/haoel/status/471694496682360833
  (no media)
272. 2014/05/28 08:16:45 https://twitter.com/haoel/status/471444931555241984
  (no media)
273. 2014/05/26 23:16:33 https://twitter.com/haoel/status/470946599837761536
  (no media)
274. 2014/05/26 17:15:32 https://twitter.com/haoel/status/470855744959418368
  (no media)
275. 2014/05/23 17:20:09 https://twitter.com/haoel/status/469769741922353152
  img1) https://pbs.twimg.com/media/BoT1Fn0IgAE7MNE?format=jpg&name=orig
276. 2014/05/22 22:15:16 https://twitter.com/haoel/status/469481625927958531
  (no media)
277. 2014/05/20 14:08:57 https://twitter.com/haoel/status/468634462817746945
  (no media)
278. 2014/05/20 13:52:12 https://twitter.com/haoel/status/468630246204243970
  (no media)
279. 2014/05/09 23:51:35 https://twitter.com/haoel/status/464794821199413249
  (no media)
280. 2014/05/07 17:14:48 https://twitter.com/haoel/status/463970191001411585
  (no media)
281. 2014/05/05 21:13:36 https://twitter.com/haoel/status/463305512738512897
  img1) https://pbs.twimg.com/media/Bm396L2CYAAaAsC?format=jpg&name=orig
282. 2014/04/21 08:19:18 https://twitter.com/haoel/status/458037224140181504
  (no media)
283. 2014/04/18 02:52:46 https://twitter.com/haoel/status/456867885093502976
  (no media)
284. 2014/04/16 23:59:26 https://twitter.com/haoel/status/456461873739624448
  (no media)
285. 2014/04/16 00:18:26 https://twitter.com/haoel/status/456104268819202048
  (no media)
286. 2014/04/16 00:02:59 https://twitter.com/haoel/status/456100383123714048
  (no media)
287. 2014/04/14 23:36:01 https://twitter.com/haoel/status/455731208911986689
  img1) https://pbs.twimg.com/media/BlMVHiFCUAAfj-m?format=jpg&name=orig
288. 2014/04/13 09:25:16 https://twitter.com/haoel/status/455154722735800320
  (no media)
289. 2014/04/12 23:40:31 https://twitter.com/haoel/status/455007564346822657
  (no media)
290. 2014/04/12 16:59:29 https://twitter.com/haoel/status/454906640668852224
  (no media)
291. 2014/04/11 22:56:28 https://twitter.com/haoel/status/454634091816550400
  (no media)
292. 2014/04/08 22:09:15 https://twitter.com/haoel/status/453535045450346496
  img1) https://pbs.twimg.com/media/BktHuI2CMAEi2Ia?format=png&name=orig
293. 2014/04/07 21:32:25 https://twitter.com/haoel/status/453163385597603840
  (no media)
294. 2014/04/07 10:34:07 https://twitter.com/haoel/status/452997722354630656
  (no media)
295. 2014/04/06 23:24:44 https://twitter.com/haoel/status/452829264803405824
  (no media)
296. 2014/04/06 00:27:46 https://twitter.com/haoel/status/452482740336594944
  (no media)
297. 2014/04/05 14:58:28 https://twitter.com/haoel/status/452339472143613952
  (no media)
298. 2014/04/04 21:55:36 https://twitter.com/haoel/status/452082058026700800
  img1) https://pbs.twimg.com/media/BkYeOqaCMAMm0G_?format=jpg&name=orig
299. 2014/04/03 22:55:17 https://twitter.com/haoel/status/451734688327946240
  (no media)
300. 2014/04/01 08:41:28 https://twitter.com/haoel/status/450795042417172480
  (no media)
301. 2014/03/30 21:08:48 https://twitter.com/haoel/status/450258339138510848
  (no media)
302. 2014/03/29 12:36:28 https://twitter.com/haoel/status/449767019173658624
  (no media)
303. 2014/03/29 12:35:40 https://twitter.com/haoel/status/449766816668086273
  (no media)
304. 2014/03/28 10:26:19 https://twitter.com/haoel/status/449371880198127617
  (no media)
305. 2014/03/24 08:26:18 https://twitter.com/haoel/status/447892124932251648
  (no media)
306. 2014/03/21 10:21:24 https://twitter.com/haoel/status/446833927810850817
  (no media)
307. 2014/03/20 09:51:40 https://twitter.com/haoel/status/446464056149684224
  (no media)
308. 2014/03/18 22:00:34 https://twitter.com/haoel/status/445922713157124096
  (no media)
309. 2014/03/18 19:16:01 https://twitter.com/haoel/status/445881304958369792
  (no media)
310. 2014/03/17 09:15:20 https://twitter.com/haoel/status/445367747644755968
  (no media)
311. 2014/03/16 18:05:40 https://twitter.com/haoel/status/445138821823598592
  (no media)
312. 2014/03/15 10:55:17 https://twitter.com/haoel/status/444668127432155136
  (no media)
313. 2014/03/14 22:34:16 https://twitter.com/haoel/status/444481644616220672
  (no media)
314. 2014/03/07 08:27:18 https://twitter.com/haoel/status/441731781197189120
  (no media)
315. 2014/03/06 22:44:26 https://twitter.com/haoel/status/441585099398987776
  (no media)
316. 2014/03/04 12:27:55 https://twitter.com/haoel/status/440705170846920704
  img1) https://pbs.twimg.com/media/Bh2zBJdCMAAdROh?format=jpg&name=orig
317. 2014/03/03 12:22:49 https://twitter.com/haoel/status/440341500610621440
  (no media)
318. 2014/03/03 12:21:14 https://twitter.com/haoel/status/440341102348865538
  (no media)
319. 2014/02/27 23:43:18 https://twitter.com/haoel/status/439063199506518016
  (no media)
320. 2014/02/27 22:40:56 https://twitter.com/haoel/status/439047502164426752
  (no media)
321. 2014/02/24 08:14:10 https://twitter.com/haoel/status/437742212345245696
  (no media)
322. 2014/02/22 04:25:21 https://twitter.com/haoel/status/436959850879537153
  (no media)
323. 2014/02/21 15:52:10 https://twitter.com/haoel/status/436770306666274816
  (no media)
324. 2014/02/21 15:40:39 https://twitter.com/haoel/status/436767409933148160
  (no media)
325. 2014/02/19 23:46:18 https://twitter.com/haoel/status/436164850293538816
  (no media)
326. 2014/02/16 23:43:49 https://twitter.com/haoel/status/435077062479446016
  img1) https://pbs.twimg.com/media/Bgm0SH9CAAAEcw4?format=png&name=orig
327. 2014/02/10 08:17:42 https://twitter.com/haoel/status/432669668869156865
  (no media)
328. 2014/01/30 17:42:46 https://twitter.com/haoel/status/428825607267291136
  (no media)
329. 2014/01/28 10:51:50 https://twitter.com/haoel/status/427997416999387136
  (no media)
330. 2014/01/27 18:39:24 https://twitter.com/haoel/status/427752695370231809
  (no media)
331. 2014/01/20 13:50:57 https://twitter.com/haoel/status/425143387964973056
  (no media)
332. 2014/01/20 11:09:38 https://twitter.com/haoel/status/425102793821937664
  (no media)
333. 2014/01/19 13:20:24 https://twitter.com/haoel/status/424773315052711936
  (no media)
334. 2014/01/17 11:07:50 https://twitter.com/haoel/status/424015176438804480
  (no media)
335. 2014/01/12 18:17:09 https://twitter.com/haoel/status/422311275708702720
  img1) https://pbs.twimg.com/media/BdxZ3iWCYAAMzpu?format=png&name=orig
336. 2014/01/12 17:47:53 https://twitter.com/haoel/status/422303910867369984
  (no media)
337. 2014/01/12 17:31:43 https://twitter.com/haoel/status/422299844196052992
  (no media)
338. 2014/01/12 13:57:16 https://twitter.com/haoel/status/422245877118271489
  (no media)
339. 2014/01/12 00:42:01 https://twitter.com/haoel/status/422045746506891264
  (no media)
340. 2014/01/10 20:39:25 https://twitter.com/haoel/status/421622305123356672
  img1) https://pbs.twimg.com/media/BdnnQK6CUAAesQf?format=png&name=orig
341. 2014/01/10 11:13:25 https://twitter.com/haoel/status/421479866198810624
  img1) https://pbs.twimg.com/media/BdlltIlCYAEnKBm?format=jpg&name=orig
342. 2014/01/09 23:55:01 https://twitter.com/haoel/status/421309139331981313
  (no media)
343. 2014/01/09 23:29:57 https://twitter.com/haoel/status/421302833900564480
  img1) https://pbs.twimg.com/media/BdjEsf4CMAAPBu6?format=png&name=orig
344. 2014/01/03 18:21:08 https://twitter.com/haoel/status/419050787688304640
  (no media)
345. 2013/12/27 08:11:59 https://twitter.com/haoel/status/416360779060084736
  (no media)
346. 2013/12/16 10:24:18 https://twitter.com/haoel/status/412407808819486721
  (no media)
347. 2013/12/03 08:30:29 https://twitter.com/haoel/status/407668125921193984
  (no media)
348. 2013/11/14 14:13:11 https://twitter.com/haoel/status/400868996775292928
  (no media)
349. 2013/11/13 08:39:38 https://twitter.com/haoel/status/400422670489354241
  (no media)
350. 2013/10/31 08:01:07 https://twitter.com/haoel/status/395701931974598656
  (no media)
351. 2013/10/29 12:01:34 https://twitter.com/haoel/status/395037670172524545
  (no media)
352. 2013/10/09 23:22:46 https://twitter.com/haoel/status/387961339790237696
  (no media)
353. 2013/10/02 19:03:46 https://twitter.com/haoel/status/385359445183963136
  (no media)
354. 2013/08/09 10:40:41 https://twitter.com/haoel/status/365663897304313856
  (no media)
355. 2013/07/31 08:47:37 https://twitter.com/haoel/status/362373951642533889
  (no media)
356. 2013/07/30 11:41:04 https://twitter.com/haoel/status/362055213571510272
  (no media)
357. 2013/07/26 17:24:34 https://twitter.com/haoel/status/360692106433527808
  (no media)
358. 2013/07/24 08:28:51 https://twitter.com/haoel/status/359832516397502464
  (no media)
359. 2013/07/21 22:43:42 https://twitter.com/haoel/status/358960480406093826
  (no media)
360. 2013/07/21 09:21:09 https://twitter.com/haoel/status/358758514350489600
  (no media)
361. 2013/07/21 09:16:27 https://twitter.com/haoel/status/358757331741315075
  (no media)
362. 2013/07/14 11:08:33 https://twitter.com/haoel/status/356248824618029056
  (no media)
363. 2013/07/08 15:43:09 https://twitter.com/haoel/status/354143604400332800
  (no media)
364. 2013/07/05 08:44:20 https://twitter.com/haoel/status/352951043233034240
  (no media)
365. 2013/06/30 12:37:21 https://twitter.com/haoel/status/351197743210958848
  (no media)
366. 2013/06/17 22:02:16 https://twitter.com/haoel/status/346628865948524544
  img1) https://pbs.twimg.com/media/BM95HfgCIAEl2Z1?format=png&name=orig
367. 2013/06/17 21:38:50 https://twitter.com/haoel/status/346622966227943425
  img1) https://pbs.twimg.com/media/BM9zwFVCQAEbSUd?format=png&name=orig
368. 2013/06/05 10:38:33 https://twitter.com/haoel/status/342108147646873601
  (no media)
369. 2013/05/31 21:46:48 https://twitter.com/haoel/status/340464379143270402
  (no media)
370. 2013/05/30 21:32:51 https://twitter.com/haoel/status/340098483384090624
  (no media)
371. 2013/05/22 08:19:13 https://twitter.com/haoel/status/336999654040424448
  (no media)
372. 2013/05/17 19:13:23 https://twitter.com/haoel/status/335352342323015680
  (no media)
373. 2013/05/17 19:06:58 https://twitter.com/haoel/status/335350727717314560
  (no media)
374. 2013/05/10 08:46:38 https://twitter.com/haoel/status/332657902034767873
  (no media)
375. 2013/04/29 17:21:22 https://twitter.com/haoel/status/328801168786587648
  (no media)
376. 2013/04/26 22:37:18 https://twitter.com/haoel/status/327793514530340864
  (no media)
377. 2013/04/22 19:11:34 https://twitter.com/haoel/status/326292186075373568
  (no media)
378. 2013/04/22 00:33:38 https://twitter.com/haoel/status/326010851121319937
  (no media)
379. 2013/04/21 13:09:08 https://twitter.com/haoel/status/325838590800183298
  (no media)
380. 2013/04/19 23:28:02 https://twitter.com/haoel/status/325269564545966080
  (no media)
381. 2013/04/02 22:21:46 https://twitter.com/haoel/status/319092296396177408
  img1) https://pbs.twimg.com/media/BG2kwMHCAAAkAYz?format=jpg&name=orig
382. 2013/03/23 23:28:08 https://twitter.com/haoel/status/315485120528281600
  (no media)
383. 2013/03/23 17:17:38 https://twitter.com/haoel/status/315391879246131200
  img1) https://pbs.twimg.com/media/BGB_Pj_CMAE0LhP?format=jpg&name=orig
384. 2013/03/16 22:40:32 https://twitter.com/haoel/status/312936424846528512
  (no media)
385. 2013/03/15 23:56:57 https://twitter.com/haoel/status/312593266359025664
  (no media)
386. 2013/03/11 09:15:16 https://twitter.com/haoel/status/310921835950792704
  (no media)
387. 2013/03/06 01:58:57 https://twitter.com/haoel/status/309000093850296321
  (no media)
388. 2013/02/28 20:48:36 https://twitter.com/haoel/status/307110050948866048
  (no media)
389. 2013/02/21 21:54:41 https://twitter.com/haoel/status/304589964866363395
  img1) https://pbs.twimg.com/media/BDoe9ZKCIAApNYj?format=jpg&name=orig
390. 2013/02/21 00:25:57 https://twitter.com/haoel/status/304265646814920705
  img1) https://pbs.twimg.com/media/BDj3_mRCAAACTVY?format=png&name=orig
391. 2013/02/20 08:59:46 https://twitter.com/haoel/status/304032563444461568
  (no media)
392. 2013/02/20 00:30:18 https://twitter.com/haoel/status/303904352345653251
  img1) https://pbs.twimg.com/media/BDevZfgCAAAX3PF?format=png&name=orig
393. 2013/02/17 08:39:33 https://twitter.com/haoel/status/302940310709874690
  (no media)
394. 2013/02/10 23:10:16 https://twitter.com/haoel/status/300622719639244801
  (no media)
395. 2013/02/10 23:04:18 https://twitter.com/haoel/status/300621218241974272
  (no media)
396. 2013/02/04 21:25:02 https://twitter.com/haoel/status/298421908771307522
  img1) https://pbs.twimg.com/media/BCQ1JRnCAAAZIjX?format=png&name=orig
397. 2013/02/04 08:33:50 https://twitter.com/haoel/status/298227833363369986
  (no media)
398. 2013/02/01 08:16:53 https://twitter.com/haoel/status/297136403681247233
  (no media)
399. 2013/01/27 22:53:52 https://twitter.com/haoel/status/295545162585755648
  (no media)
400. 2013/01/27 10:53:34 https://twitter.com/haoel/status/295363892803162112
  img1) https://pbs.twimg.com/media/BBlX5UaCUAA_A2v?format=jpg&name=orig
401. 2013/01/27 10:11:59 https://twitter.com/haoel/status/295353427054194688
  (no media)
402. 2013/01/27 00:49:55 https://twitter.com/haoel/status/295211978480308225
  (no media)
403. 2013/01/26 22:55:44 https://twitter.com/haoel/status/295183246331887616
  (no media)
404. 2013/01/26 22:49:27 https://twitter.com/haoel/status/295181664286552064
  (no media)
405. 2013/01/26 19:19:07 https://twitter.com/haoel/status/295128731595456512
  img1) https://pbs.twimg.com/media/BBiCBIpCQAAgvY0?format=jpg&name=orig
406. 2013/01/26 18:59:11 https://twitter.com/haoel/status/295123714847150080
  (no media)
407. 2013/01/26 18:50:34 https://twitter.com/haoel/status/295121545058217984
  (no media)
408. 2013/01/26 17:41:47 https://twitter.com/haoel/status/295104238684631040
  (no media)
409. 2013/01/09 22:19:56 https://twitter.com/haoel/status/289013640131117056
  (no media)
410. 2013/01/09 08:31:07 https://twitter.com/haoel/status/288805061595889664
  (no media)
411. 2012/12/28 09:02:13 https://twitter.com/haoel/status/284464236460138498
  (no media)
412. 2012/12/19 00:08:50 https://twitter.com/haoel/status/281068514209570816
  (no media)
413. 2012/12/12 13:03:49 https://twitter.com/haoel/status/278726827516776448
  img1) https://pbs.twimg.com/media/A948kqfCUAE3kxv?format=jpg&name=orig
414. 2012/12/10 08:36:27 https://twitter.com/haoel/status/277934768803422208
  (no media)
415. 2012/12/02 10:12:34 https://twitter.com/haoel/status/275059857260965889
  (no media)
416. 2012/11/23 08:20:06 https://twitter.com/haoel/status/271770060698312704
  (no media)
417. 2012/11/22 23:46:24 https://twitter.com/haoel/status/271640785462644737
  (no media)
418. 2012/11/22 23:09:24 https://twitter.com/haoel/status/271631473747050496
  (no media)
419. 2012/11/22 22:34:26 https://twitter.com/haoel/status/271622673031892992
  (no media)
420. 2012/11/22 19:10:51 https://twitter.com/haoel/status/271571438899720193
  (no media)
421. 2012/11/20 12:26:49 https://twitter.com/haoel/status/270744987589804033
  (no media)
422. 2012/11/20 08:22:40 https://twitter.com/haoel/status/270683545087905793
  (no media)
423. 2012/11/17 09:17:51 https://twitter.com/haoel/status/269610266877128704
  (no media)
424. 2012/11/17 09:11:08 https://twitter.com/haoel/status/269608575544999936
  (no media)
425. 2012/11/16 23:29:38 https://twitter.com/haoel/status/269462235703808000
  (no media)
426. 2012/11/16 23:28:22 https://twitter.com/haoel/status/269461918299848704
  (no media)
427. 2012/11/09 11:17:31 https://twitter.com/haoel/status/266741277729619968
  (no media)
428. 2012/11/07 11:58:12 https://twitter.com/haoel/status/266026742303563776
  (no media)
429. 2012/11/07 08:18:42 https://twitter.com/haoel/status/265971501885448193
  (no media)
430. 2012/11/06 10:09:38 https://twitter.com/haoel/status/265637033601552384
  (no media)
431. 2012/11/06 09:56:43 https://twitter.com/haoel/status/265633780449038336
  (no media)
432. 2012/11/06 08:28:16 https://twitter.com/haoel/status/265611523270004736
  (no media)
433. 2012/10/24 09:06:27 https://twitter.com/haoel/status/260910089064574976
  (no media)
434. 2012/10/16 08:17:07 https://twitter.com/haoel/status/257998569791967232
  (no media)
435. 2012/10/14 16:40:50 https://twitter.com/haoel/status/257400561849225218
  (no media)
436. 2012/10/12 23:26:43 https://twitter.com/haoel/status/256777930192068608
  (no media)
437. 2012/10/12 14:18:14 https://twitter.com/haoel/status/256639898184986624
  (no media)
438. 2012/10/12 14:14:40 https://twitter.com/haoel/status/256639002055176192
  (no media)
439. 2012/09/27 18:06:15 https://twitter.com/haoel/status/251261462608244736
  (no media)
440. 2012/09/27 17:44:24 https://twitter.com/haoel/status/251255965435957248
  (no media)
441. 2012/09/27 17:16:32 https://twitter.com/haoel/status/251248948667351040
  img1) https://pbs.twimg.com/media/A3ydlnBCAAA0yNT?format=jpg&name=orig
442. 2012/09/26 23:54:27 https://twitter.com/haoel/status/250986701240020992
  (no media)
443. 2012/09/26 23:45:28 https://twitter.com/haoel/status/250984443165167617
  (no media)
444. 2012/09/26 23:30:12 https://twitter.com/haoel/status/250980599949557760
  (no media)
445. 2012/09/26 23:27:09 https://twitter.com/haoel/status/250979833490849792
  (no media)
446. 2012/09/26 23:04:50 https://twitter.com/haoel/status/250974216806096896
  (no media)
447. 2012/09/21 09:38:19 https://twitter.com/haoel/status/248959308736364545
  (no media)
448. 2012/09/20 09:38:28 https://twitter.com/haoel/status/248596960985116672
  (no media)
449. 2012/09/19 12:09:08 https://twitter.com/haoel/status/248272486788120576
  (no media)
450. 2012/09/15 00:13:27 https://twitter.com/haoel/status/246642829223399424
  (no media)
451. 2012/09/14 08:31:23 https://twitter.com/haoel/status/246405749687869440
  (no media)
452. 2012/09/10 22:36:12 https://twitter.com/haoel/status/245168805263855616
  (no media)
453. 2012/09/10 22:12:24 https://twitter.com/haoel/status/245162816204578816
  (no media)
454. 2012/09/07 09:32:28 https://twitter.com/haoel/status/243884405632946176
  (no media)
455. 2012/09/03 08:14:16 https://twitter.com/haoel/status/242415176459100161
  (no media)
456. 2012/08/29 23:22:05 https://twitter.com/haoel/status/240831695220264960
  (no media)
457. 2012/08/27 15:16:41 https://twitter.com/haoel/status/239984766269677568
  (no media)
458. 2012/08/22 08:34:33 https://twitter.com/haoel/status/238071624534986752
  (no media)
459. 2012/08/20 10:14:31 https://twitter.com/haoel/status/237372009338769408
  (no media)
460. 2012/08/17 08:54:01 https://twitter.com/haoel/status/236264583734648832
  (no media)
461. 2012/08/17 00:05:11 https://twitter.com/haoel/status/236131500385521665
  (no media)
462. 2012/08/12 16:24:17 https://twitter.com/haoel/status/234565961250922497
  (no media)
463. 2012/08/12 10:44:00 https://twitter.com/haoel/status/234480322757156866
  (no media)
464. 2012/08/06 08:44:44 https://twitter.com/haoel/status/232275981803606016
  (no media)
465. 2012/08/01 09:25:47 https://twitter.com/haoel/status/230474372547244032
  (no media)
466. 2012/07/19 08:45:13 https://twitter.com/haoel/status/225753124189642752
  (no media)
467. 2012/07/13 12:40:54 https://twitter.com/haoel/status/223638107323510784
  (no media)
468. 2012/07/13 08:19:53 https://twitter.com/haoel/status/223572421200982017
  (no media)
469. 2012/07/12 15:18:49 https://twitter.com/haoel/status/223315461511716865
  (no media)
470. 2012/07/12 15:04:50 https://twitter.com/haoel/status/223311942637469697
  (no media)
471. 2012/07/11 09:02:24 https://twitter.com/haoel/status/222858342761111554
  (no media)
472. 2012/07/08 00:02:30 https://twitter.com/haoel/status/221635309966856192
  (no media)
473. 2012/07/07 00:35:17 https://twitter.com/haoel/status/221281172850880513
  (no media)
474. 2012/07/05 19:03:35 https://twitter.com/haoel/status/220835308617482243
  (no media)
475. 2012/07/05 11:15:01 https://twitter.com/haoel/status/220717392186187778
  (no media)
476. 2012/07/05 11:13:09 https://twitter.com/haoel/status/220716920817713152
  (no media)
477. 2012/07/05 11:01:53 https://twitter.com/haoel/status/220714084390273024
  img1) https://pbs.twimg.com/media/AxAiSlVCAAAmqZ7?format=jpg&name=orig
478. 2012/07/05 10:12:36 https://twitter.com/haoel/status/220701685453033473
  (no media)
479. 2012/07/05 09:27:37 https://twitter.com/haoel/status/220690363755667456
  (no media)
480. 2012/07/03 11:41:59 https://twitter.com/haoel/status/219999387097628674
  img1) https://pbs.twimg.com/media/Aw2YRudCAAMKaAQ?format=png&name=orig
481. 2012/07/01 23:52:49 https://twitter.com/haoel/status/219458545891020800
  (no media)
482. 2012/07/01 23:44:34 https://twitter.com/haoel/status/219456469563740160
  (no media)
483. 2012/06/30 23:04:46 https://twitter.com/haoel/status/219084066388066305
  (no media)
484. 2012/06/29 09:44:08 https://twitter.com/haoel/status/218520192244908032
  (no media)
485. 2012/06/25 10:25:55 https://twitter.com/haoel/status/217081157924294656
  (no media)
486. 2012/06/25 00:40:46 https://twitter.com/haoel/status/216933899148853249
  (no media)
487. 2012/06/21 10:47:56 https://twitter.com/haoel/status/215637144121778178
  (no media)
488. 2012/06/20 22:24:20 https://twitter.com/haoel/status/215450012753207297
  (no media)
489. 2012/06/20 22:23:29 https://twitter.com/haoel/status/215449799892275200
  (no media)
490. 2012/06/20 11:02:05 https://twitter.com/haoel/status/215278320156278784
  (no media)
491. 2012/06/13 10:55:28 https://twitter.com/haoel/status/212739939568320513
  (no media)
492. 2012/06/04 08:59:19 https://twitter.com/haoel/status/209449218895650816
  (no media)
493. 2012/05/24 15:14:30 https://twitter.com/haoel/status/205557367767703552
  (no media)
494. 2012/05/24 08:45:23 https://twitter.com/haoel/status/205459445763940352
  (no media)
495. 2012/05/22 14:05:09 https://twitter.com/haoel/status/204815141978644480
  (no media)
496. 2012/05/19 11:53:13 https://twitter.com/haoel/status/203694776573378560
  (no media)
497. 2012/05/17 10:01:26 https://twitter.com/haoel/status/202941866075897857
  (no media)
498. 2012/05/17 08:50:46 https://twitter.com/haoel/status/202924085968257026
  (no media)
499. 2012/05/15 08:57:38 https://twitter.com/haoel/status/202201037682114562
  (no media)
500. 2012/05/13 21:16:08 https://twitter.com/haoel/status/201662111447912448
  (no media)
501. 2012/05/13 20:21:16 https://twitter.com/haoel/status/201648301056073728
  (no media)
502. 2012/05/12 22:06:34 https://twitter.com/haoel/status/201312415248433152
  (no media)
503. 2012/05/10 13:43:29 https://twitter.com/haoel/status/200461033389830145
  (no media)
504. 2012/05/10 13:27:46 https://twitter.com/haoel/status/200457078962274304
  (no media)
505. 2012/05/03 10:12:14 https://twitter.com/haoel/status/197871156034940928
  (no media)
506. 2012/04/30 21:45:09 https://twitter.com/haoel/status/196958372334010370
  (no media)
507. 2012/04/28 23:57:55 https://twitter.com/haoel/status/196267006771736577
  (no media)
508. 2012/04/27 14:06:16 https://twitter.com/haoel/status/195755726336045056
  (no media)
509. 2012/04/27 08:27:25 https://twitter.com/haoel/status/195670449219313665
  (no media)
510. 2012/04/26 08:53:56 https://twitter.com/haoel/status/195314736345264128
  (no media)
511. 2012/04/20 08:16:51 https://twitter.com/haoel/status/193131076003184640
  (no media)
512. 2012/04/19 17:23:16 https://twitter.com/haoel/status/192906200839495684
  (no media)
513. 2012/04/19 10:16:26 https://twitter.com/haoel/status/192798780725268480
  (no media)
514. 2012/04/18 08:23:48 https://twitter.com/haoel/status/192408050433409024
  (no media)
515. 2012/04/17 10:09:55 https://twitter.com/haoel/status/192072365600018433
  (no media)
516. 2012/04/13 11:13:56 https://twitter.com/haoel/status/190638923649789952
  img1) https://pbs.twimg.com/media/AqVJF0zCMAAYpCZ?format=png&name=orig
517. 2012/04/11 09:10:35 https://twitter.com/haoel/status/189883109800546304
  (no media)
518. 2012/04/09 08:35:34 https://twitter.com/haoel/status/189149520041480192
  (no media)
519. 2012/04/01 15:44:59 https://twitter.com/haoel/status/186358482063212544
  (no media)
520. 2012/03/27 09:58:19 https://twitter.com/haoel/status/184459303304957953
  (no media)
521. 2012/03/27 04:09:29 https://twitter.com/haoel/status/184371517239459840
  (no media)
522. 2012/03/25 22:41:24 https://twitter.com/haoel/status/183926564533190657
  (no media)
523. 2012/03/21 18:21:17 https://twitter.com/haoel/status/182411552773767169
  (no media)
524. 2012/03/20 02:38:13 https://twitter.com/haoel/status/181811831311052800
  (no media)
525. 2012/03/13 23:12:23 https://twitter.com/haoel/status/179585707461976066
  (no media)
526. 2012/03/09 17:19:49 https://twitter.com/haoel/status/178047426446360577
  (no media)
527. 2012/03/09 10:37:51 https://twitter.com/haoel/status/177946271561170944
  (no media)
528. 2012/03/09 10:28:38 https://twitter.com/haoel/status/177943952224288768
  (no media)
529. 2012/03/08 03:40:38 https://twitter.com/haoel/status/177478885343105025
  (no media)
530. 2012/03/03 14:04:55 https://twitter.com/haoel/status/175824050789163008
  (no media)
531. 2012/02/28 18:22:42 https://twitter.com/haoel/status/174439374761635841
  (no media)
532. 2012/02/28 18:06:46 https://twitter.com/haoel/status/174435366466617344
  (no media)
533. 2012/02/24 23:29:56 https://twitter.com/haoel/status/173067141791223808
  (no media)
534. 2012/02/22 16:10:20 https://twitter.com/haoel/status/172231736397275136
  (no media)
535. 2012/02/04 00:33:36 https://twitter.com/haoel/status/165473016409628672
  (no media)
536. 2012/02/04 00:33:35 https://twitter.com/haoel/status/165473014459273218
  (no media)
537. 2012/02/03 09:16:08 https://twitter.com/haoel/status/165242130892197892
  (no media)
538. 2012/02/02 17:15:33 https://twitter.com/haoel/status/165000390532800513
  (no media)
539. 2012/02/01 12:10:53 https://twitter.com/haoel/status/164561330492276736
  (no media)
540. 2012/02/01 12:08:16 https://twitter.com/haoel/status/164560674473771009
  (no media)
541. 2012/02/01 12:02:54 https://twitter.com/haoel/status/164559322062393345
  (no media)
542. 2012/02/01 11:39:34 https://twitter.com/haoel/status/164553452352045057
  (no media)
543. 2012/01/30 12:21:21 https://twitter.com/haoel/status/163839190835015681
  (no media)
544. 2012/01/30 02:56:58 https://twitter.com/haoel/status/163697157516431361
  (no media)
545. 2012/01/20 09:50:56 https://twitter.com/haoel/status/160177456324689920
  (no media)
546. 2012/01/20 09:41:03 https://twitter.com/haoel/status/160174972088745986
  (no media)
547. 2012/01/19 23:51:52 https://twitter.com/haoel/status/160026698774093824
  (no media)
548. 2012/01/19 11:21:21 https://twitter.com/haoel/status/159837821849448450
  (no media)
549. 2012/01/18 18:40:22 https://twitter.com/haoel/status/159585919035387905
  (no media)
550. 2012/01/16 18:26:19 https://twitter.com/haoel/status/158857606629298176
  (no media)
551. 2012/01/16 17:57:36 https://twitter.com/haoel/status/158850381575766016
  (no media)
552. 2012/01/16 17:56:54 https://twitter.com/haoel/status/158850203984723969
  (no media)
553. 2012/01/16 17:43:38 https://twitter.com/haoel/status/158846865406820353
  (no media)
554. 2012/01/16 17:21:50 https://twitter.com/haoel/status/158841378409938945
  (no media)
555. 2012/01/16 16:14:33 https://twitter.com/haoel/status/158824447539806208
  (no media)
556. 2012/01/16 11:54:50 https://twitter.com/haoel/status/158759088174538752
  (no media)
557. 2012/01/16 11:15:11 https://twitter.com/haoel/status/158749107391967232
  (no media)
558. 2012/01/14 10:49:32 https://twitter.com/haoel/status/158017877629341697
  (no media)
559. 2012/01/09 23:54:35 https://twitter.com/haoel/status/156403503475073025
  (no media)
560. 2012/01/09 23:54:26 https://twitter.com/haoel/status/156403464468041728
  (no media)
561. 2012/01/09 23:42:49 https://twitter.com/haoel/status/156400540308344832
  (no media)
562. 2012/01/09 23:34:41 https://twitter.com/haoel/status/156398493664157696
  (no media)
563. 2012/01/09 18:13:52 https://twitter.com/haoel/status/156317757057662976
  (no media)
564. 2012/01/09 11:33:54 https://twitter.com/haoel/status/156217102171254785
  (no media)
565. 2012/01/07 21:00:32 https://twitter.com/haoel/status/155634924702023680
  (no media)
566. 2012/01/06 21:48:36 https://twitter.com/haoel/status/155284635935449088
  (no media)
567. 2012/01/06 17:45:43 https://twitter.com/haoel/status/155223509566623744
  (no media)
568. 2012/01/06 17:43:39 https://twitter.com/haoel/status/155222990739615744
  (no media)
569. 2012/01/06 17:42:51 https://twitter.com/haoel/status/155222788003733504
  (no media)
570. 2012/01/06 17:40:02 https://twitter.com/haoel/status/155222082391785472
  (no media)
571. 2012/01/06 16:57:04 https://twitter.com/haoel/status/155211265906704384
  (no media)
572. 2012/01/06 16:56:07 https://twitter.com/haoel/status/155211030312660992
  (no media)
573. 2012/01/06 10:22:11 https://twitter.com/haoel/status/155111890735996929
  (no media)
574. 2012/01/05 22:16:07 https://twitter.com/haoel/status/154929171162873856
  (no media)
575. 2012/01/05 22:03:57 https://twitter.com/haoel/status/154926107341238273
  (no media)
576. 2012/01/05 11:46:39 https://twitter.com/haoel/status/154770761687629824
  (no media)
577. 2012/01/05 10:30:33 https://twitter.com/haoel/status/154751610281672705
  (no media)
578. 2012/01/05 10:30:32 https://twitter.com/haoel/status/154751606888472577
  (no media)
579. 2012/01/04 23:41:40 https://twitter.com/haoel/status/154588311736946688
  (no media)
580. 2012/01/04 23:06:58 https://twitter.com/haoel/status/154579579569315841
  (no media)
581. 2012/01/04 01:13:50 https://twitter.com/haoel/status/154249119022583808
  (no media)
582. 2012/01/03 22:24:40 https://twitter.com/haoel/status/154206548258848768
  (no media)
583. 2012/01/03 13:38:20 https://twitter.com/haoel/status/154074091446484993
  (no media)
584. 2012/01/02 23:59:37 https://twitter.com/haoel/status/153868054856605697
  (no media)
585. 2012/01/02 23:53:25 https://twitter.com/haoel/status/153866495926091777
  (no media)
586. 2011/12/30 10:23:40 https://twitter.com/haoel/status/152575550567890944
  (no media)
587. 2011/12/29 09:49:49 https://twitter.com/haoel/status/152204643664003073
  (no media)
588. 2011/12/29 09:49:23 https://twitter.com/haoel/status/152204533265743872
  (no media)
589. 2011/12/29 09:48:31 https://twitter.com/haoel/status/152204315564580864
  (no media)
590. 2011/12/29 09:48:08 https://twitter.com/haoel/status/152204221343739904
  (no media)
591. 2011/12/29 09:47:12 https://twitter.com/haoel/status/152203984352976896
  (no media)
592. 2011/12/29 09:46:33 https://twitter.com/haoel/status/152203821043564544
  (no media)
593. 2011/12/29 09:45:08 https://twitter.com/haoel/status/152203465240739840
  (no media)
594. 2011/12/29 00:13:13 https://twitter.com/haoel/status/152059535857688576
  (no media)
595. 2011/12/28 22:06:15 https://twitter.com/haoel/status/152027584761298944
  (no media)
596. 2011/12/28 21:56:41 https://twitter.com/haoel/status/152025176832360448
  (no media)
597. 2011/12/28 17:31:57 https://twitter.com/haoel/status/151958556663492608
  (no media)
598. 2011/12/28 17:29:11 https://twitter.com/haoel/status/151957860530651136
  (no media)
599. 2011/12/28 14:28:38 https://twitter.com/haoel/status/151912420720377856
  (no media)
600. 2011/12/28 10:47:13 https://twitter.com/haoel/status/151856699387547649
  (no media)
601. 2011/12/28 10:41:53 https://twitter.com/haoel/status/151855359672332288
  (no media)
602. 2011/12/28 10:33:03 https://twitter.com/haoel/status/151853133683884032
  (no media)
603. 2011/12/28 10:27:57 https://twitter.com/haoel/status/151851850281385984
  (no media)
604. 2011/12/28 00:00:28 https://twitter.com/haoel/status/151693942411378691
  (no media)
605. 2011/12/27 23:39:05 https://twitter.com/haoel/status/151688559470977024
  (no media)
606. 2011/12/27 23:19:04 https://twitter.com/haoel/status/151683522103492609
  (no media)
607. 2011/12/27 23:12:56 https://twitter.com/haoel/status/151681978108887040
  (no media)
608. 2011/12/26 11:17:42 https://twitter.com/haoel/status/151139598171508737
  (no media)
609. 2011/12/26 01:32:21 https://twitter.com/haoel/status/150992289244778496
  (no media)
610. 2011/12/26 01:15:55 https://twitter.com/haoel/status/150988153585532931
  (no media)
611. 2011/12/25 20:56:43 https://twitter.com/haoel/status/150922921081188352
  (no media)
612. 2011/12/25 20:12:38 https://twitter.com/haoel/status/150911827176464384
  (no media)
613. 2011/12/24 23:04:49 https://twitter.com/haoel/status/150592772641013760
  (no media)
614. 2011/12/24 22:14:35 https://twitter.com/haoel/status/150580132673880064
  (no media)
615. 2011/12/24 22:05:45 https://twitter.com/haoel/status/150577908262510592
  (no media)
616. 2011/12/24 22:05:45 https://twitter.com/haoel/status/150577906521870336
  (no media)
617. 2011/12/23 12:20:02 https://twitter.com/haoel/status/150068119392616451
  (no media)
618. 2011/12/23 11:30:54 https://twitter.com/haoel/status/150055756861947904
  (no media)
619. 2011/12/23 11:30:01 https://twitter.com/haoel/status/150055533699801088
  (no media)
620. 2011/12/23 11:26:32 https://twitter.com/haoel/status/150054653864841216
  (no media)
621. 2011/12/23 11:25:12 https://twitter.com/haoel/status/150054320749019136
  (no media)
622. 2011/12/23 11:23:11 https://twitter.com/haoel/status/150053812911079424
  (no media)
623. 2011/12/23 08:53:14 https://twitter.com/haoel/status/150016077726883840
  (no media)
624. 2011/12/22 23:57:51 https://twitter.com/haoel/status/149881344107872256
  (no media)
625. 2011/12/22 09:08:46 https://twitter.com/haoel/status/149657596788342784
  (no media)
626. 2011/12/22 00:34:23 https://twitter.com/haoel/status/149528148151779328
  (no media)
627. 2011/12/21 11:38:11 https://twitter.com/haoel/status/149332812082843649
  (no media)
628. 2011/12/20 15:25:38 https://twitter.com/haoel/status/149027662348812288
  (no media)
629. 2011/12/20 10:41:26 https://twitter.com/haoel/status/148956141735510016
  (no media)
630. 2011/12/20 10:28:06 https://twitter.com/haoel/status/148952786829189120
  (no media)
631. 2011/12/16 15:58:40 https://twitter.com/haoel/status/147586425121021952
  (no media)
632. 2011/12/16 09:11:10 https://twitter.com/haoel/status/147483874899931138
  (no media)
633. 2011/12/15 23:04:06 https://twitter.com/haoel/status/147331100421791744
  (no media)
634. 2011/12/15 18:43:23 https://twitter.com/haoel/status/147265491449286656
  (no media)
635. 2011/12/15 13:43:12 https://twitter.com/haoel/status/147189944815849472
  (no media)
636. 2011/12/15 12:41:37 https://twitter.com/haoel/status/147174446761914368
  (no media)
637. 2011/12/15 12:25:16 https://twitter.com/haoel/status/147170332271329280
  (no media)
638. 2011/12/15 10:09:43 https://twitter.com/haoel/status/147136219350970368
  (no media)
639. 2011/12/14 14:27:21 https://twitter.com/haoel/status/146838670018740224
  (no media)
640. 2011/12/13 23:40:16 https://twitter.com/haoel/status/146615419619381248
  img1) https://pbs.twimg.com/media/Agjh8oVCEAAFW0a?format=png&name=orig
641. 2011/12/13 13:27:09 https://twitter.com/haoel/status/146461132650065920
  (no media)
642. 2011/12/10 00:45:23 https://twitter.com/haoel/status/145182263427088384
  (no media)
643. 2011/12/09 13:53:15 https://twitter.com/haoel/status/145018147563507712
  (no media)
644. 2011/12/09 13:28:33 https://twitter.com/haoel/status/145011932351578114
  (no media)
645. 2011/12/09 13:14:09 https://twitter.com/haoel/status/145008307789234176
  (no media)
646. 2011/12/09 10:20:52 https://twitter.com/haoel/status/144964701804171264
  (no media)
647. 2011/12/08 00:39:58 https://twitter.com/haoel/status/144456122261192704
  (no media)
648. 2011/12/05 15:18:50 https://twitter.com/haoel/status/143590133302689792
  (no media)
649. 2011/12/01 17:10:19 https://twitter.com/haoel/status/142168639938895873
  (no media)
650. 2011/11/30 17:05:00 https://twitter.com/haoel/status/141804911355633664
  (no media)
651. 2011/11/30 17:01:51 https://twitter.com/haoel/status/141804120465096705
  (no media)
652. 2011/11/30 16:07:01 https://twitter.com/haoel/status/141790319447511040
  (no media)
653. 2011/11/30 11:29:28 https://twitter.com/haoel/status/141720472512512000
  (no media)
654. 2011/11/29 16:13:40 https://twitter.com/haoel/status/141429607172812800
  (no media)
655. 2011/11/29 15:28:08 https://twitter.com/haoel/status/141418149282193408
  (no media)
656. 2011/11/29 15:13:03 https://twitter.com/haoel/status/141414351335718912
  (no media)
657. 2011/11/29 13:06:12 https://twitter.com/haoel/status/141382430685790208
  (no media)
658. 2011/11/29 13:02:36 https://twitter.com/haoel/status/141381522472177664
  (no media)
659. 2011/11/29 09:42:52 https://twitter.com/haoel/status/141331258872569856
  (no media)
660. 2011/11/28 16:31:32 https://twitter.com/haoel/status/141071716544811008
  (no media)
661. 2011/11/26 13:36:40 https://twitter.com/haoel/status/140302931969835008
  (no media)
662. 2011/11/26 01:12:01 https://twitter.com/haoel/status/140115536892801024
  (no media)
663. 2011/11/26 01:00:47 https://twitter.com/haoel/status/140112707822170112
  (no media)
664. 2011/11/26 00:51:27 https://twitter.com/haoel/status/140110361276850176
  (no media)
665. 2011/11/26 00:17:46 https://twitter.com/haoel/status/140101883032371200
  (no media)
666. 2011/11/25 23:40:31 https://twitter.com/haoel/status/140092510260310016
  (no media)
667. 2011/11/25 23:29:56 https://twitter.com/haoel/status/140089844029325313
  (no media)
668. 2011/11/25 23:24:38 https://twitter.com/haoel/status/140088512811773952
  (no media)
669. 2011/11/25 23:19:19 https://twitter.com/haoel/status/140087172714860546
  (no media)
670. 2011/11/25 23:16:43 https://twitter.com/haoel/status/140086520978735104
  (no media)
671. 2011/11/25 23:13:02 https://twitter.com/haoel/status/140085592712163329
  (no media)
672. 2011/11/25 12:32:15 https://twitter.com/haoel/status/139924335220625409
  (no media)
673. 2011/11/24 14:49:46 https://twitter.com/haoel/status/139596552166588416
  (no media)
674. 2011/11/24 12:48:47 https://twitter.com/haoel/status/139566108373028865
  (no media)
675. 2011/11/23 00:34:30 https://twitter.com/haoel/status/139018931653455872
  (no media)
676. 2011/11/22 09:44:44 https://twitter.com/haoel/status/138795014351368192
  (no media)
677. 2011/11/21 17:12:53 https://twitter.com/haoel/status/138545404974338049
  (no media)
678. 2011/11/21 17:01:48 https://twitter.com/haoel/status/138542612796805120
  img1) https://pbs.twimg.com/media/AewzxbZCEAAojCR?format=jpg&name=orig
679. 2011/11/17 10:26:28 https://twitter.com/haoel/status/136993577757716480
  (no media)
680. 2011/11/17 10:25:30 https://twitter.com/haoel/status/136993331635945472
  (no media)
681. 2011/11/17 10:19:32 https://twitter.com/haoel/status/136991832155500544
  (no media)
682. 2011/11/17 10:18:59 https://twitter.com/haoel/status/136991695131774978
  (no media)
683. 2011/11/15 10:48:55 https://twitter.com/haoel/status/136274451116474368
  (no media)
684. 2011/11/15 10:17:12 https://twitter.com/haoel/status/136266468810686464
  (no media)
685. 2011/11/15 09:51:32 https://twitter.com/haoel/status/136260011180556288
  (no media)
686. 2011/11/10 08:53:28 https://twitter.com/haoel/status/134433457517506560
  (no media)
687. 2011/11/03 23:01:46 https://twitter.com/haoel/status/132110223421874176
  (no media)
688. 2011/11/03 18:17:07 https://twitter.com/haoel/status/132038587947548672
  (no media)
689. 2011/11/03 18:04:46 https://twitter.com/haoel/status/132035479368511488
  (no media)
690. 2011/11/03 09:27:22 https://twitter.com/haoel/status/131905272976379904
  (no media)
691. 2011/11/03 00:18:55 https://twitter.com/haoel/status/131767250054168576
  (no media)
692. 2011/11/01 08:45:02 https://twitter.com/haoel/status/131169843578810368
  (no media)
693. 2011/10/31 08:58:21 https://twitter.com/haoel/status/130810806370709504
  (no media)
694. 2011/10/29 00:24:34 https://twitter.com/haoel/status/129956732624572416
  (no media)
695. 2011/10/28 15:36:28 https://twitter.com/haoel/status/129823831773810688
  (no media)
696. 2011/10/28 11:44:42 https://twitter.com/haoel/status/129765506713534465
  (no media)
697. 2011/10/25 09:01:20 https://twitter.com/haoel/status/128637232578961408
  (no media)
698. 2011/10/20 11:11:23 https://twitter.com/haoel/status/126858021107269632
  (no media)
699. 2011/10/20 09:25:03 https://twitter.com/haoel/status/126831262005608448
  (no media)
700. 2011/10/16 13:25:01 https://twitter.com/haoel/status/125442098005671937
  (no media)
701. 2011/10/14 13:58:51 https://twitter.com/haoel/status/124725837135224832
  (no media)
702. 2011/09/23 14:15:34 https://twitter.com/haoel/status/117119900627124224
  (no media)
703. 2011/09/21 08:28:54 https://twitter.com/haoel/status/116307883532095488
  (no media)
704. 2011/09/20 09:16:37 https://twitter.com/haoel/status/115957502620864512
  (no media)
705. 2011/09/16 10:13:40 https://twitter.com/haoel/status/114522307111813120
  (no media)
706. 2011/09/15 12:00:57 https://twitter.com/haoel/status/114186920225026048
  (no media)
707. 2011/09/08 15:41:15 https://twitter.com/haoel/status/111705645589348352
  (no media)
708. 2011/09/07 15:24:17 https://twitter.com/haoel/status/111338987834187776
  (no media)
709. 2011/09/07 09:37:50 https://twitter.com/haoel/status/111251800010653697
  (no media)
710. 2011/09/07 09:35:59 https://twitter.com/haoel/status/111251332593229825
  (no media)
711. 2011/09/07 08:52:25 https://twitter.com/haoel/status/111240369777278976
  (no media)
712. 2011/08/30 23:55:45 https://twitter.com/haoel/status/108568596145389568
  (no media)
713. 2011/08/26 10:18:14 https://twitter.com/haoel/status/106913313002233856
  (no media)
714. 2011/08/25 08:50:54 https://twitter.com/haoel/status/106528945373061121
  (no media)
715. 2011/08/23 10:34:29 https://twitter.com/haoel/status/105830239518728192
  (no media)
716. 2011/08/19 08:59:14 https://twitter.com/haoel/status/104356717604773889
  (no media)
717. 2011/08/17 11:33:50 https://twitter.com/haoel/status/103670846530396160
  (no media)
718. 2011/08/17 11:23:54 https://twitter.com/haoel/status/103668346104455168
  (no media)
719. 2011/08/17 10:53:19 https://twitter.com/haoel/status/103660647887273985
  (no media)
720. 2011/08/17 10:05:52 https://twitter.com/haoel/status/103648709870493696
  (no media)
721. 2011/08/17 09:04:43 https://twitter.com/haoel/status/103633318452543488
  (no media)
722. 2011/08/16 09:54:33 https://twitter.com/haoel/status/103283474684854272
  (no media)
723. 2011/08/15 11:54:53 https://twitter.com/haoel/status/102951366779080704
  (no media)
724. 2011/08/15 08:38:00 https://twitter.com/haoel/status/102901821261086721
  (no media)
725. 2011/08/14 16:24:04 https://twitter.com/haoel/status/102656720668602369
  (no media)
726. 2011/08/12 10:58:34 https://twitter.com/haoel/status/101850031316934656
  (no media)
727. 2011/08/12 09:13:33 https://twitter.com/haoel/status/101823605347860480
  (no media)
728. 2011/08/11 10:59:42 https://twitter.com/haoel/status/101487929557401603
  (no media)
729. 2011/08/08 09:49:53 https://twitter.com/haoel/status/100383196310544385
  (no media)
730. 2011/08/08 09:36:16 https://twitter.com/haoel/status/100379769954238464
  (no media)
731. 2011/08/04 11:01:52 https://twitter.com/haoel/status/98951757790576640
  (no media)
732. 2011/08/02 09:46:50 https://twitter.com/haoel/status/98208099738976256
  (no media)
733. 2011/07/27 18:23:58 https://twitter.com/haoel/status/96163913833512960
  (no media)
734. 2011/07/22 08:52:25 https://twitter.com/haoel/status/94208140358320128
  (no media)
735. 2011/07/21 15:54:27 https://twitter.com/haoel/status/93951961870766080
  (no media)
736. 2011/07/21 15:46:08 https://twitter.com/haoel/status/93949866224517120
  (no media)
737. 2011/07/21 15:43:00 https://twitter.com/haoel/status/93949077083000832
  (no media)
738. 2011/07/21 08:38:48 https://twitter.com/haoel/status/93842324748120064
  (no media)
739. 2011/07/20 18:38:22 https://twitter.com/haoel/status/93630823680577536
  (no media)
740. 2011/07/19 16:01:43 https://twitter.com/haoel/status/93229013950144512
  (no media)
741. 2011/07/19 10:45:33 https://twitter.com/haoel/status/93149446241656832
  (no media)
742. 2011/07/19 09:29:53 https://twitter.com/haoel/status/93130406219620352
  (no media)
743. 2011/07/19 09:27:06 https://twitter.com/haoel/status/93129706530013184
  (no media)
744. 2011/07/18 14:36:23 https://twitter.com/haoel/status/92845149348044800
  (no media)
745. 2011/07/18 12:36:11 https://twitter.com/haoel/status/92814901755654144
  (no media)
746. 2011/07/18 12:19:55 https://twitter.com/haoel/status/92810807301255168
  (no media)
747. 2011/07/18 12:14:46 https://twitter.com/haoel/status/92809513488486400
  (no media)
748. 2011/07/18 12:05:28 https://twitter.com/haoel/status/92807169136787457
  (no media)
749. 2011/07/18 12:00:57 https://twitter.com/haoel/status/92806035152179200
  (no media)
750. 2011/07/18 11:57:31 https://twitter.com/haoel/status/92805170567716865
  (no media)
751. 2011/07/18 11:49:13 https://twitter.com/haoel/status/92803081141620736
  (no media)
752. 2011/07/18 11:41:59 https://twitter.com/haoel/status/92801263162503169
  (no media)
753. 2011/07/15 16:27:29 https://twitter.com/haoel/status/91785944616796160
  (no media)
754. 2011/07/15 12:07:49 https://twitter.com/haoel/status/91720600522993664
  (no media)
755. 2011/07/15 11:17:56 https://twitter.com/haoel/status/91708046581039104
  (no media)
756. 2011/07/14 22:21:15 https://twitter.com/haoel/status/91512587161829376
  (no media)
757. 2011/07/12 09:48:59 https://twitter.com/haoel/status/90598497056854016
  (no media)
758. 2011/07/11 16:00:12 https://twitter.com/haoel/status/90329526478962688
  (no media)
759. 2011/07/08 16:35:22 https://twitter.com/haoel/status/89251214398734336
  (no media)
760. 2011/07/08 15:00:31 https://twitter.com/haoel/status/89227344287506432
  (no media)
761. 2011/07/08 14:57:44 https://twitter.com/haoel/status/89226642949541888
  (no media)
762. 2011/07/08 14:44:42 https://twitter.com/haoel/status/89223363519709185
  (no media)
763. 2011/07/08 14:35:44 https://twitter.com/haoel/status/89221106107559936
  (no media)
764. 2011/07/08 14:33:14 https://twitter.com/haoel/status/89220478618714112
  (no media)
765. 2011/07/08 14:24:36 https://twitter.com/haoel/status/89218304778043394
  (no media)
766. 2011/07/07 16:34:19 https://twitter.com/haoel/status/88888564171022336
  (no media)
767. 2011/07/06 11:06:05 https://twitter.com/haoel/status/88443574156402688
  (no media)
768. 2011/07/05 22:51:24 https://twitter.com/haoel/status/88258684479746048
  (no media)
769. 2011/07/05 16:58:29 https://twitter.com/haoel/status/88169867303337984
  (no media)
770. 2011/07/05 16:48:33 https://twitter.com/haoel/status/88167368781602816
  (no media)
771. 2011/07/05 15:57:21 https://twitter.com/haoel/status/88154485100257280
  (no media)
772. 2011/07/05 15:56:27 https://twitter.com/haoel/status/88154256699428864
  (no media)
773. 2011/07/05 15:53:15 https://twitter.com/haoel/status/88153454089994240
  (no media)
774. 2011/07/05 15:40:01 https://twitter.com/haoel/status/88150122910851072
  (no media)
775. 2011/07/05 15:39:28 https://twitter.com/haoel/status/88149981680254976
  (no media)
776. 2011/07/05 14:56:33 https://twitter.com/haoel/status/88139181213237248
  (no media)
777. 2011/07/04 11:36:49 https://twitter.com/haoel/status/87726531455094785
  (no media)
778. 2011/07/04 11:27:56 https://twitter.com/haoel/status/87724294171410432
  (no media)
779. 2011/07/04 11:27:24 https://twitter.com/haoel/status/87724162843549697
  (no media)
780. 2011/07/04 10:19:31 https://twitter.com/haoel/status/87707076004020226
  (no media)
781. 2011/07/03 22:21:45 https://twitter.com/haoel/status/87526444506427393
  (no media)
782. 2011/07/01 06:52:55 https://twitter.com/haoel/status/86567923023491073
  (no media)
783. 2011/06/30 17:48:49 https://twitter.com/haoel/status/86370595046043649
  (no media)
784. 2011/06/30 17:42:13 https://twitter.com/haoel/status/86368937268363264
  (no media)
785. 2011/06/30 15:01:44 https://twitter.com/haoel/status/86328548356390912
  (no media)
786. 2011/06/30 13:53:00 https://twitter.com/haoel/status/86311253026422784
  (no media)
787. 2011/06/30 13:37:43 https://twitter.com/haoel/status/86307406111444992
  (no media)
788. 2011/06/30 10:15:22 https://twitter.com/haoel/status/86256481892188160
  (no media)
789. 2011/06/30 10:06:32 https://twitter.com/haoel/status/86254259158515712
  (no media)
790. 2011/06/30 09:51:28 https://twitter.com/haoel/status/86250465423142912
  (no media)
791. 2011/06/30 00:46:59 https://twitter.com/haoel/status/86113441802223616
  (no media)
792. 2011/06/30 00:09:42 https://twitter.com/haoel/status/86104060138225664
  (no media)
793. 2011/06/30 00:01:13 https://twitter.com/haoel/status/86101927015882752
  (no media)
794. 2011/06/29 09:33:54 https://twitter.com/haoel/status/85883658757607424
  (no media)
795. 2011/06/29 00:23:51 https://twitter.com/haoel/status/85745235153534977
  (no media)
796. 2011/06/28 17:05:14 https://twitter.com/haoel/status/85634853319606272
  (no media)
797. 2011/06/28 16:51:26 https://twitter.com/haoel/status/85631380884692992
  (no media)
798. 2011/06/28 16:45:43 https://twitter.com/haoel/status/85629941160488960
  (no media)
799. 2011/06/28 16:44:07 https://twitter.com/haoel/status/85629536829571073
  (no media)
800. 2011/06/28 16:40:25 https://twitter.com/haoel/status/85628606268719104
  (no media)
801. 2011/06/28 16:37:43 https://twitter.com/haoel/status/85627926229434368
  (no media)
802. 2011/06/28 16:36:21 https://twitter.com/haoel/status/85627583848382464
  (no media)
803. 2011/06/28 16:35:16 https://twitter.com/haoel/status/85627310123917312
  (no media)
804. 2011/06/28 16:34:07 https://twitter.com/haoel/status/85627023594237952
  (no media)
805. 2011/06/28 16:33:29 https://twitter.com/haoel/status/85626860951707649
  (no media)
806. 2011/06/28 16:30:03 https://twitter.com/haoel/status/85625998791557120
  (no media)
807. 2011/06/28 16:26:30 https://twitter.com/haoel/status/85625103022436352
  (no media)
808. 2011/06/28 16:21:28 https://twitter.com/haoel/status/85623836858519552
  (no media)
809. 2011/06/28 14:57:01 https://twitter.com/haoel/status/85602583842013184
  (no media)
810. 2011/06/28 14:35:14 https://twitter.com/haoel/status/85597105409892352
  (no media)
811. 2011/06/28 14:18:56 https://twitter.com/haoel/status/85592999844786176
  (no media)
812. 2011/06/28 12:55:39 https://twitter.com/haoel/status/85572041645899776
  (no media)
813. 2011/06/28 09:25:41 https://twitter.com/haoel/status/85519202798153729
  (no media)
814. 2011/06/27 16:31:21 https://twitter.com/haoel/status/85263936525582336
  (no media)
815. 2011/06/27 15:04:15 https://twitter.com/haoel/status/85242017533272065
  (no media)
816. 2011/06/27 15:04:05 https://twitter.com/haoel/status/85241974130622464
  (no media)
817. 2011/06/27 14:32:29 https://twitter.com/haoel/status/85234024024510464
  (no media)
818. 2011/06/27 14:26:09 https://twitter.com/haoel/status/85232428070879232
  (no media)
819. 2011/06/27 09:51:55 https://twitter.com/haoel/status/85163416506990592
  (no media)
820. 2011/06/23 23:15:35 https://twitter.com/haoel/status/83916114937131008
  (no media)
821. 2011/06/23 11:39:34 https://twitter.com/haoel/status/83740955613728769
  (no media)
822. 2011/06/23 11:20:09 https://twitter.com/haoel/status/83736068343599105
  (no media)
823. 2011/06/19 19:32:03 https://twitter.com/haoel/status/82410307204558848
  (no media)
824. 2011/06/17 09:27:37 https://twitter.com/haoel/status/81533422190854145
  (no media)
825. 2011/06/16 17:47:07 https://twitter.com/haoel/status/81296736441741312
  (no media)
826. 2011/06/16 09:58:17 https://twitter.com/haoel/status/81178752616366080
  (no media)
827. 2011/06/14 14:15:41 https://twitter.com/haoel/status/80518755519700992
  (no media)
828. 2011/06/13 09:37:02 https://twitter.com/haoel/status/80086242481541121
  (no media)
829. 2011/06/10 22:01:44 https://twitter.com/haoel/status/79186487840743424
  (no media)
830. 2011/06/08 09:56:56 https://twitter.com/haoel/status/78279307818041344
  (no media)
831. 2011/06/07 10:09:38 https://twitter.com/haoel/status/77920117622714368
  (no media)
832. 2011/06/07 09:02:06 https://twitter.com/haoel/status/77903122390982656
  (no media)
833. 2011/06/06 23:08:10 https://twitter.com/haoel/status/77753654865707008
  (no media)
834. 2011/06/04 22:33:39 https://twitter.com/haoel/status/77020191967551488
  (no media)
835. 2011/06/03 09:39:22 https://twitter.com/haoel/status/76462951762100224
  (no media)
836. 2011/06/03 09:32:11 https://twitter.com/haoel/status/76461142154821634
  (no media)
837. 2011/05/24 07:37:24 https://twitter.com/haoel/status/72808378845503488
  (no media)
838. 2011/05/23 15:02:05 https://twitter.com/haoel/status/72557896088567808
  (no media)
839. 2011/05/22 14:16:20 https://twitter.com/haoel/status/72183994309021696
  (no media)
840. 2011/05/21 23:55:49 https://twitter.com/haoel/status/71967441093279744
  (no media)
841. 2011/05/20 00:27:31 https://twitter.com/haoel/status/71250644069122048
  (no media)
842. 2011/05/20 00:23:54 https://twitter.com/haoel/status/71249733548642304
  (no media)
843. 2011/05/20 00:22:00 https://twitter.com/haoel/status/71249253514756096
  (no media)
844. 2011/05/20 00:14:18 https://twitter.com/haoel/status/71247317243658240
  (no media)
845. 2011/05/19 13:08:39 https://twitter.com/haoel/status/71079797882761216
  (no media)
846. 2011/05/19 12:37:13 https://twitter.com/haoel/status/71071888247492608
  (no media)
847. 2011/05/19 12:34:55 https://twitter.com/haoel/status/71071309865566208
  (no media)
848. 2011/05/19 10:02:33 https://twitter.com/haoel/status/71032965370613760
  (no media)
849. 2011/05/19 08:01:11 https://twitter.com/haoel/status/71002424881586176
  (no media)
850. 2011/05/18 10:20:36 https://twitter.com/haoel/status/70675119827197952
  (no media)
851. 2011/05/18 09:56:13 https://twitter.com/haoel/status/70668983820488704
  (no media)
852. 2011/05/18 08:47:55 https://twitter.com/haoel/status/70651798108643329
  (no media)
853. 2011/05/17 03:51:10 https://twitter.com/haoel/status/70214727715930114
  (no media)
854. 2011/05/16 12:13:01 https://twitter.com/haoel/status/69978633845997568
  (no media)
855. 2011/05/15 13:36:08 https://twitter.com/haoel/status/69637163117056000
  (no media)
856. 2011/05/15 12:47:31 https://twitter.com/haoel/status/69624931612246017
  (no media)
857. 2011/05/15 12:46:44 https://twitter.com/haoel/status/69624733544628224
  (no media)
858. 2011/05/15 11:05:53 https://twitter.com/haoel/status/69599354532536321
  (no media)
859. 2011/05/15 11:04:11 https://twitter.com/haoel/status/69598926675787776
  (no media)
860. 2011/05/15 01:38:04 https://twitter.com/haoel/status/69456457745182720
  (no media)
861. 2011/05/15 01:10:14 https://twitter.com/haoel/status/69449451827245056
  (no media)
862. 2011/05/12 00:50:09 https://twitter.com/haoel/status/68357236275159040
  (no media)
863. 2011/05/10 03:28:55 https://twitter.com/haoel/status/67672414728880128
  (no media)
864. 2011/05/09 21:11:59 https://twitter.com/haoel/status/67577557708574720
  (no media)
865. 2011/05/09 00:08:37 https://twitter.com/haoel/status/67259617364815872
  (no media)
866. 2011/05/08 01:17:04 https://twitter.com/haoel/status/66914458303348736
  (no media)
867. 2011/05/08 01:04:49 https://twitter.com/haoel/status/66911372843290624
  (no media)
868. 2011/05/08 00:34:11 https://twitter.com/haoel/status/66903666518528001
  (no media)
869. 2011/05/04 16:09:15 https://twitter.com/haoel/status/65689429196546048
  (no media)
870. 2011/05/04 10:33:16 https://twitter.com/haoel/status/65604876419338241
  (no media)
871. 2011/05/03 11:29:30 https://twitter.com/haoel/status/65256641897050113
  (no media)
872. 2011/05/03 10:21:11 https://twitter.com/haoel/status/65239447633002496
  (no media)
873. 2011/05/03 09:20:58 https://twitter.com/haoel/status/65224296011800576
  (no media)
874. 2011/05/03 09:09:14 https://twitter.com/haoel/status/65221341648916480
  (no media)
875. 2011/04/28 18:09:50 https://twitter.com/haoel/status/63545450573209600
  (no media)
876. 2011/04/28 13:45:50 https://twitter.com/haoel/status/63479013955477504
  (no media)
877. 2011/04/28 01:44:36 https://twitter.com/haoel/status/63297509119889409
  (no media)
878. 2011/04/27 21:13:14 https://twitter.com/haoel/status/63229215948021760
  (no media)
879. 2011/04/27 21:06:05 https://twitter.com/haoel/status/63227418198032384
  (no media)
880. 2011/04/27 11:13:55 https://twitter.com/haoel/status/63078394669178880
  (no media)
881. 2011/04/26 13:38:17 https://twitter.com/haoel/status/62752334849122304
  (no media)
882. 2011/04/25 21:33:55 https://twitter.com/haoel/status/62509647231336448
  (no media)
883. 2011/04/25 14:14:37 https://twitter.com/haoel/status/62399092772450304
  (no media)
884. 2011/04/25 10:32:25 https://twitter.com/haoel/status/62343175276199937
  (no media)
885. 2011/04/20 14:20:06 https://twitter.com/haoel/status/60588534129639425
  (no media)
886. 2011/04/20 11:40:25 https://twitter.com/haoel/status/60548347739635712
  (no media)
887. 2011/04/20 09:12:24 https://twitter.com/haoel/status/60511098566217728
  (no media)
888. 2011/04/20 09:12:24 https://twitter.com/haoel/status/60511095638597632
  (no media)
889. 2011/04/18 20:56:14 https://twitter.com/haoel/status/59963447701549056
  (no media)
890. 2011/04/18 09:54:49 https://twitter.com/haoel/status/59796994885025792
  (no media)
891. 2011/04/13 09:42:42 https://twitter.com/haoel/status/57982007933800448
  (no media)
892. 2011/04/11 17:34:33 https://twitter.com/haoel/status/57375977067646976
  (no media)
893. 2011/04/11 10:05:37 https://twitter.com/haoel/status/57262998250729472
  (no media)
894. 2011/04/10 11:40:08 https://twitter.com/haoel/status/56924395192590336
  (no media)
895. 2011/04/09 14:40:07 https://twitter.com/haoel/status/56607303788535808
  (no media)
896. 2011/04/08 11:35:21 https://twitter.com/haoel/status/56198417768132608
  (no media)
897. 2011/04/08 08:31:16 https://twitter.com/haoel/status/56152091743371265
  (no media)
898. 2011/04/08 01:21:31 https://twitter.com/haoel/status/56043941673447424
  (no media)
899. 2011/04/07 17:15:41 https://twitter.com/haoel/status/55921677946728448
  (no media)
900. 2011/04/07 10:32:50 https://twitter.com/haoel/status/55820295247892481
  (no media)
901. 2011/04/06 23:24:06 https://twitter.com/haoel/status/55652006521610240
  (no media)
902. 2011/04/06 23:19:14 https://twitter.com/haoel/status/55650779402481665
  (no media)
903. 2011/04/06 22:34:11 https://twitter.com/haoel/status/55639443582885888
  (no media)
904. 2011/04/06 22:31:53 https://twitter.com/haoel/status/55638862357204992
  (no media)
905. 2011/04/06 22:24:06 https://twitter.com/haoel/status/55636903084568576
  (no media)
906. 2011/04/06 22:14:58 https://twitter.com/haoel/status/55634607978192896
  (no media)
907. 2011/04/06 22:12:12 https://twitter.com/haoel/status/55633910880669697
  (no media)
908. 2011/04/06 09:05:08 https://twitter.com/haoel/status/55435839202803712
  (no media)
909. 2011/04/05 08:58:45 https://twitter.com/haoel/status/55071842192457728
  (no media)
910. 2011/04/04 21:09:26 https://twitter.com/haoel/status/54893337248935936
  (no media)
911. 2011/04/02 15:47:56 https://twitter.com/haoel/status/54087653435506688
  (no media)
912. 2011/04/02 14:48:26 https://twitter.com/haoel/status/54072683066961920
  (no media)
913. 2011/04/02 13:29:08 https://twitter.com/haoel/status/54052723502489600
  (no media)
914. 2011/04/02 12:09:59 https://twitter.com/haoel/status/54032808116633600
  (no media)
915. 2011/04/02 11:56:30 https://twitter.com/haoel/status/54029414916308992
  (no media)
916. 2011/04/02 11:33:49 https://twitter.com/haoel/status/54023703431876608
  (no media)
917. 2011/04/02 11:27:44 https://twitter.com/haoel/status/54022172330569728
  (no media)
918. 2011/04/02 11:23:11 https://twitter.com/haoel/status/54021028690665472
  (no media)
919. 2011/04/02 10:51:52 https://twitter.com/haoel/status/54013148021264384
  (no media)
920. 2011/04/02 10:43:17 https://twitter.com/haoel/status/54010987401052160
  (no media)
921. 2011/04/01 21:44:23 https://twitter.com/haoel/status/53814970709852160
  (no media)
922. 2011/04/01 21:35:19 https://twitter.com/haoel/status/53812688052158465
  (no media)
923. 2011/03/31 22:06:45 https://twitter.com/haoel/status/53458213009494017
  (no media)
924. 2011/03/31 21:58:41 https://twitter.com/haoel/status/53456181976502272
  (no media)
925. 2011/03/31 13:33:41 https://twitter.com/haoel/status/53329094795997184
  (no media)
926. 2011/03/30 23:48:54 https://twitter.com/haoel/status/53121531303313408
  (no media)
927. 2011/03/30 23:41:08 https://twitter.com/haoel/status/53119576669569025
  (no media)
928. 2011/03/30 23:16:09 https://twitter.com/haoel/status/53113288413810688
  (no media)
929. 2011/03/30 23:10:55 https://twitter.com/haoel/status/53111972408999936
  (no media)
930. 2011/03/30 23:09:40 https://twitter.com/haoel/status/53111658540826625
  (no media)
931. 2011/03/30 23:08:53 https://twitter.com/haoel/status/53111461525987328
  (no media)
932. 2011/03/30 23:08:13 https://twitter.com/haoel/status/53111294273929216
  (no media)
933. 2011/03/30 23:06:56 https://twitter.com/haoel/status/53110970284908544
  (no media)
934. 2011/03/30 21:52:30 https://twitter.com/haoel/status/53092237634048000
  (no media)
935. 2011/03/29 19:35:53 https://twitter.com/haoel/status/52695467678646272
  (no media)
936. 2011/03/29 13:33:03 https://twitter.com/haoel/status/52604157974155264
  (no media)
937. 2011/03/03 14:19:41 https://twitter.com/haoel/status/43193810389434368
  (no media)
938. 2011/03/03 12:39:15 https://twitter.com/haoel/status/43168537027690496
  (no media)
939. 2011/02/28 14:07:17 https://twitter.com/haoel/status/42103524456271872
  (no media)
940. 2011/02/27 22:30:50 https://twitter.com/haoel/status/41867859604942848
  (no media)
941. 2011/02/14 10:05:38 https://twitter.com/haoel/status/36969283166670848
  (no media)
942. 2011/01/29 17:38:00 https://twitter.com/haoel/status/31284916800983040
  (no media)
943. 2011/01/26 18:25:04 https://twitter.com/haoel/status/30209601194426369
  (no media)
944. 2011/01/26 18:24:17 https://twitter.com/haoel/status/30209403659485184
  (no media)
945. 2011/01/26 18:22:36 https://twitter.com/haoel/status/30208978575167488
  (no media)
946. 2010/10/12 01:18:03 https://twitter.com/haoel/status/27053081872
  (no media)
--------------------------------------------------------------------------------
[Complete] 27053081872 - 1109301921494425600  ( Tweet: 946 / Media: 110 )
